
===========================================================================
 report_power
============================================================================
======================= Fastest Corner ===================================

Group                  Internal  Switching    Leakage      Total
                          Power      Power      Power      Power (Watts)
----------------------------------------------------------------
Sequential             8.99e-04   1.58e-04   2.11e-06   1.06e-03  24.5%
Combinational          1.64e-03   1.63e-03   5.88e-08   3.27e-03  75.5%
Macro                  0.00e+00   0.00e+00   0.00e+00   0.00e+00   0.0%
Pad                    0.00e+00   0.00e+00   0.00e+00   0.00e+00   0.0%
----------------------------------------------------------------
Total                  2.54e-03   1.79e-03   2.17e-06   4.32e-03 100.0%
                          58.6%      41.3%       0.1%

======================= Slowest Corner ===================================

Group                  Internal  Switching    Leakage      Total
                          Power      Power      Power      Power (Watts)
----------------------------------------------------------------
Sequential             6.02e-04   1.03e-04   8.43e-06   7.14e-04  23.8%
Combinational          1.19e-03   1.07e-03   2.05e-05   2.29e-03  76.2%
Macro                  0.00e+00   0.00e+00   0.00e+00   0.00e+00   0.0%
Pad                    0.00e+00   0.00e+00   0.00e+00   0.00e+00   0.0%
----------------------------------------------------------------
Total                  1.79e-03   1.18e-03   2.89e-05   3.00e-03 100.0%
                          59.8%      39.2%       1.0%

======================= Typical Corner ===================================

Group                  Internal  Switching    Leakage      Total
                          Power      Power      Power      Power (Watts)
----------------------------------------------------------------
Sequential             7.76e-04   1.33e-04   2.11e-06   9.10e-04  24.2%
Combinational          1.48e-03   1.37e-03   2.69e-08   2.85e-03  75.8%
Macro                  0.00e+00   0.00e+00   0.00e+00   0.00e+00   0.0%
Pad                    0.00e+00   0.00e+00   0.00e+00   0.00e+00   0.0%
----------------------------------------------------------------
Total                  2.25e-03   1.51e-03   2.14e-06   3.76e-03 100.0%
                          59.9%      40.1%       0.1%

