
===========================================================================
report_checks -unconstrained
===========================================================================
======================= Typical Corner ===================================

Startpoint: rst (input port clocked by clk)
Endpoint: _8751_ (recovery check against rising-edge clock clk)
Path Group: asynchronous
Path Type: max

Fanout     Cap    Slew   Delay    Time   Description
-----------------------------------------------------------------------------
                          0.00    0.00   clock clk (rise edge)
                          0.00    0.00   clock network delay (propagated)
                          6.00    6.00 v input external delay
                  0.01    0.01    6.01 v rst (in)
     1    0.01                           rst (net)
                  0.01    0.00    6.01 v input1/A (sky130_fd_sc_hd__buf_1)
                  0.08    0.12    6.13 v input1/X (sky130_fd_sc_hd__buf_1)
     1    0.01                           net1 (net)
                  0.08    0.00    6.13 v _7152_/A (sky130_fd_sc_hd__buf_2)
                  0.08    0.19    6.33 v _7152_/X (sky130_fd_sc_hd__buf_2)
     6    0.03                           _4121_ (net)
                  0.08    0.00    6.33 v _7398_/A (sky130_fd_sc_hd__buf_4)
                  0.08    0.22    6.54 v _7398_/X (sky130_fd_sc_hd__buf_4)
    10    0.06                           _4147_ (net)
                  0.08    0.00    6.55 v _7498_/A (sky130_fd_sc_hd__buf_8)
                  0.08    0.19    6.74 v _7498_/X (sky130_fd_sc_hd__buf_8)
    10    0.10                           _4157_ (net)
                  0.08    0.01    6.75 v _7502_/A (sky130_fd_sc_hd__inv_2)
                  0.04    0.06    6.81 ^ _7502_/Y (sky130_fd_sc_hd__inv_2)
     1    0.00                           _0502_ (net)
                  0.04    0.00    6.81 ^ _8751_/RESET_B (sky130_fd_sc_hd__dfrtp_1)
                                  6.81   data arrival time

                         30.00   30.00   clock clk (rise edge)
                          0.00   30.00   clock source latency
                  0.16    0.10   30.10 ^ clk (in)
     1    0.03                           clk (net)
                  0.16    0.00   30.10 ^ clkbuf_0_clk/A (sky130_fd_sc_hd__clkbuf_16)
                  0.14    0.23   30.34 ^ clkbuf_0_clk/X (sky130_fd_sc_hd__clkbuf_16)
     8    0.13                           clknet_0_clk (net)
                  0.14    0.00   30.34 ^ clkbuf_3_0__f_clk/A (sky130_fd_sc_hd__clkbuf_16)
                  0.09    0.19   30.53 ^ clkbuf_3_0__f_clk/X (sky130_fd_sc_hd__clkbuf_16)
     7    0.08                           clknet_3_0__leaf_clk (net)
                  0.09    0.00   30.53 ^ _8751_/CLK (sky130_fd_sc_hd__dfrtp_1)
                         -0.25   30.28   clock uncertainty
                          0.00   30.28   clock reconvergence pessimism
                          0.25   30.53   library recovery time
                                 30.53   data required time
-----------------------------------------------------------------------------
                                 30.53   data required time
                                 -6.81   data arrival time
-----------------------------------------------------------------------------
                                 23.72   slack (MET)


Startpoint: _8484_ (rising edge-triggered flip-flop clocked by clk)
Endpoint: led[6] (output port clocked by clk)
Path Group: clk
Path Type: max

Fanout     Cap    Slew   Delay    Time   Description
-----------------------------------------------------------------------------
                          0.00    0.00   clock clk (rise edge)
                          0.00    0.00   clock source latency
                  0.16    0.11    0.11 ^ clk (in)
     1    0.03                           clk (net)
                  0.16    0.00    0.11 ^ clkbuf_0_clk/A (sky130_fd_sc_hd__clkbuf_16)
                  0.14    0.26    0.37 ^ clkbuf_0_clk/X (sky130_fd_sc_hd__clkbuf_16)
     8    0.13                           clknet_0_clk (net)
                  0.14    0.00    0.37 ^ clkbuf_3_5__f_clk/A (sky130_fd_sc_hd__clkbuf_16)
                  0.12    0.24    0.61 ^ clkbuf_3_5__f_clk/X (sky130_fd_sc_hd__clkbuf_16)
    10    0.10                           clknet_3_5__leaf_clk (net)
                  0.12    0.00    0.61 ^ clkbuf_leaf_40_clk/A (sky130_fd_sc_hd__clkbuf_16)
                  0.05    0.17    0.78 ^ clkbuf_leaf_40_clk/X (sky130_fd_sc_hd__clkbuf_16)
    12    0.03                           clknet_leaf_40_clk (net)
                  0.05    0.00    0.78 ^ _8484_/CLK (sky130_fd_sc_hd__dfrtp_1)
                  0.04    0.37    1.15 v _8484_/Q (sky130_fd_sc_hd__dfrtp_1)
     1    0.00                           net22 (net)
                  0.04    0.00    1.15 v output22/A (sky130_fd_sc_hd__clkbuf_4)
                  0.08    0.19    1.34 v output22/X (sky130_fd_sc_hd__clkbuf_4)
     1    0.04                           led[6] (net)
                  0.08    0.00    1.34 v led[6] (out)
                                  1.34   data arrival time

                         30.00   30.00   clock clk (rise edge)
                          0.00   30.00   clock network delay (propagated)
                         -0.25   29.75   clock uncertainty
                          0.00   29.75   clock reconvergence pessimism
                         -6.00   23.75   output external delay
                                 23.75   data required time
-----------------------------------------------------------------------------
                                 23.75   data required time
                                 -1.34   data arrival time
-----------------------------------------------------------------------------
                                 22.41   slack (MET)




===========================================================================
report_checks --slack_max -0.01
============================================================================
======================= Typical Corner ===================================

No paths found.


===========================================================================
 report_check_types -max_slew -max_cap -max_fanout -violators
============================================================================
======================= Typical Corner ===================================

max fanout

Pin                                   Limit Fanout  Slack
---------------------------------------------------------
clkbuf_leaf_15_clk/X                     10     13     -3 (VIOLATED)
clkbuf_leaf_32_clk/X                     10     13     -3 (VIOLATED)
clkbuf_leaf_39_clk/X                     10     13     -3 (VIOLATED)
clkbuf_leaf_56_clk/X                     10     13     -3 (VIOLATED)
clkbuf_leaf_40_clk/X                     10     12     -2 (VIOLATED)
clkbuf_leaf_57_clk/X                     10     12     -2 (VIOLATED)
clkbuf_3_4__f_clk/X                      10     11        (VIOLATED)
clkbuf_leaf_16_clk/X                     10     11        (VIOLATED)
clkbuf_leaf_31_clk/X                     10     11        (VIOLATED)
clkbuf_leaf_53_clk/X                     10     11        (VIOLATED)



===========================================================================
report_parasitic_annotation -report_unannotated
============================================================================
Found 4780 unannotated drivers.
 clk
 rst
 x[0]
 x[1]
 x[2]
 x[3]
 x[4]
 x[5]
 x[6]
 x[7]
 _4219_/X
 _4220_/X
 _4221_/Y
 _4222_/X
 _4223_/X
 _4224_/Y
 _4225_/Y
 _4226_/X
 _4227_/Y
 _4228_/X
 _4229_/X
 _4230_/Y
 _4231_/Y
 _4232_/X
 _4233_/Y
 _4234_/Y
 _4235_/Y
 _4236_/Y
 _4237_/Y
 _4238_/Y
 _4239_/X
 _4240_/X
 _4241_/Y
 _4242_/Y
 _4243_/Y
 _4244_/Y
 _4245_/X
 _4246_/Y
 _4247_/Y
 _4248_/Y
 _4249_/Y
 _4250_/X
 _4251_/X
 _4252_/Y
 _4253_/Y
 _4254_/Y
 _4255_/Y
 _4256_/X
 _4257_/Y
 _4258_/X
 _4259_/X
 _4260_/Y
 _4261_/Y
 _4262_/Y
 _4263_/Y
 _4264_/Y
 _4265_/Y
 _4266_/X
 _4267_/Y
 _4268_/Y
 _4269_/X
 _4270_/Y
 _4271_/X
 _4272_/Y
 _4273_/Y
 _4274_/X
 _4275_/Y
 _4276_/Y
 _4277_/X
 _4278_/Y
 _4279_/Y
 _4280_/X
 _4281_/Y
 _4282_/X
 _4283_/X
 _4284_/X
 _4285_/Y
 _4286_/Y
 _4287_/Y
 _4288_/Y
 _4289_/Y
 _4290_/X
 _4291_/Y
 _4292_/Y
 _4293_/Y
 _4294_/Y
 _4295_/X
 _4296_/Y
 _4297_/Y
 _4298_/Y
 _4299_/X
 _4300_/Y
 _4301_/X
 _4302_/X
 _4303_/X
 _4304_/Y
 _4305_/X
 _4306_/Y
 _4307_/Y
 _4308_/X
 _4309_/X
 _4310_/X
 _4311_/Y
 _4312_/Y
 _4313_/Y
 _4314_/Y
 _4315_/Y
 _4316_/Y
 _4317_/X
 _4318_/Y
 _4319_/Y
 _4320_/X
 _4321_/X
 _4322_/Y
 _4323_/X
 _4324_/Y
 _4325_/X
 _4326_/Y
 _4327_/X
 _4328_/Y
 _4329_/Y
 _4330_/Y
 _4331_/X
 _4332_/Y
 _4333_/X
 _4334_/X
 _4335_/X
 _4336_/Y
 _4337_/X
 _4338_/Y
 _4339_/Y
 _4340_/Y
 _4341_/Y
 _4342_/Y
 _4343_/Y
 _4344_/Y
 _4345_/Y
 _4346_/X
 _4347_/Y
 _4348_/Y
 _4349_/X
 _4350_/Y
 _4351_/Y
 _4352_/Y
 _4353_/Y
 _4354_/Y
 _4355_/Y
 _4356_/X
 _4357_/Y
 _4358_/Y
 _4359_/X
 _4360_/Y
 _4361_/Y
 _4362_/Y
 _4363_/Y
 _4364_/Y
 _4365_/X
 _4366_/Y
 _4367_/Y
 _4368_/Y
 _4369_/Y
 _4370_/Y
 _4371_/Y
 _4372_/Y
 _4373_/Y
 _4374_/Y
 _4375_/Y
 _4376_/Y
 _4377_/Y
 _4378_/Y
 _4379_/Y
 _4380_/Y
 _4381_/Y
 _4382_/Y
 _4383_/Y
 _4384_/X
 _4385_/Y
 _4386_/X
 _4387_/Y
 _4388_/Y
 _4389_/Y
 _4390_/Y
 _4391_/Y
 _4392_/X
 _4393_/Y
 _4394_/Y
 _4395_/Y
 _4396_/X
 _4397_/X
 _4398_/X
 _4399_/Y
 _4400_/Y
 _4401_/X
 _4402_/Y
 _4403_/Y
 _4404_/Y
 _4405_/Y
 _4406_/Y
 _4407_/Y
 _4408_/Y
 _4409_/X
 _4410_/X
 _4411_/Y
 _4412_/Y
 _4413_/X
 _4414_/Y
 _4415_/X
 _4416_/Y
 _4417_/Y
 _4418_/X
 _4419_/X
 _4420_/X
 _4421_/Y
 _4422_/Y
 _4423_/Y
 _4424_/Y
 _4425_/Y
 _4426_/X
 _4427_/Y
 _4428_/Y
 _4429_/Y
 _4430_/Y
 _4431_/Y
 _4432_/Y
 _4433_/Y
 _4434_/X
 _4435_/X
 _4436_/Y
 _4437_/Y
 _4438_/Y
 _4439_/X
 _4440_/Y
 _4441_/X
 _4442_/X
 _4443_/Y
 _4444_/Y
 _4445_/Y
 _4446_/Y
 _4447_/X
 _4448_/Y
 _4449_/Y
 _4450_/X
 _4451_/Y
 _4452_/Y
 _4453_/Y
 _4454_/Y
 _4455_/X
 _4456_/X
 _4457_/X
 _4458_/Y
 _4459_/Y
 _4460_/Y
 _4461_/X
 _4462_/X
 _4463_/Y
 _4464_/Y
 _4465_/Y
 _4466_/Y
 _4467_/Y
 _4468_/Y
 _4469_/Y
 _4470_/Y
 _4471_/X
 _4472_/Y
 _4473_/Y
 _4474_/Y
 _4475_/Y
 _4476_/Y
 _4477_/Y
 _4478_/X
 _4479_/Y
 _4480_/Y
 _4481_/Y
 _4482_/Y
 _4483_/Y
 _4484_/Y
 _4485_/X
 _4486_/X
 _4487_/Y
 _4488_/Y
 _4489_/X
 _4490_/Y
 _4491_/X
 _4492_/Y
 _4493_/Y
 _4494_/Y
 _4495_/Y
 _4496_/Y
 _4497_/X
 _4498_/Y
 _4499_/X
 _4500_/Y
 _4501_/X
 _4502_/X
 _4503_/Y
 _4504_/Y
 _4505_/Y
 _4506_/X
 _4507_/Y
 _4508_/Y
 _4509_/Y
 _4510_/X
 _4511_/Y
 _4512_/Y
 _4513_/Y
 _4514_/Y
 _4515_/Y
 _4516_/Y
 _4517_/X
 _4518_/Y
 _4519_/Y
 _4520_/X
 _4521_/X
 _4522_/Y
 _4523_/Y
 _4524_/Y
 _4525_/X
 _4526_/Y
 _4527_/X
 _4528_/Y
 _4529_/Y
 _4530_/Y
 _4531_/Y
 _4532_/Y
 _4533_/X
 _4534_/Y
 _4535_/Y
 _4536_/X
 _4537_/Y
 _4538_/Y
 _4539_/Y
 _4540_/Y
 _4541_/Y
 _4542_/Y
 _4543_/Y
 _4544_/X
 _4545_/Y
 _4546_/X
 _4547_/Y
 _4548_/X
 _4549_/X
 _4550_/Y
 _4551_/X
 _4552_/Y
 _4553_/Y
 _4554_/Y
 _4555_/Y
 _4556_/Y
 _4557_/Y
 _4558_/Y
 _4559_/X
 _4560_/X
 _4561_/Y
 _4562_/Y
 _4563_/X
 _4564_/Y
 _4565_/Y
 _4566_/Y
 _4567_/X
 _4568_/Y
 _4569_/Y
 _4570_/X
 _4571_/Y
 _4572_/Y
 _4573_/Y
 _4574_/X
 _4575_/X
 _4576_/X
 _4577_/Y
 _4578_/Y
 _4579_/X
 _4580_/Y
 _4581_/Y
 _4582_/X
 _4583_/X
 _4584_/X
 _4585_/Y
 _4586_/X
 _4587_/Y
 _4588_/Y
 _4589_/X
 _4590_/X
 _4591_/X
 _4592_/Y
 _4593_/Y
 _4594_/Y
 _4595_/X
 _4596_/Y
 _4597_/X
 _4598_/X
 _4599_/X
 _4600_/X
 _4601_/Y
 _4602_/X
 _4603_/X
 _4604_/X
 _4605_/Y
 _4606_/X
 _4607_/X
 _4608_/Y
 _4609_/Y
 _4610_/X
 _4611_/Y
 _4612_/Y
 _4613_/X
 _4614_/X
 _4615_/Y
 _4616_/X
 _4617_/Y
 _4618_/Y
 _4619_/Y
 _4620_/Y
 _4621_/Y
 _4622_/X
 _4623_/X
 _4624_/Y
 _4625_/X
 _4626_/Y
 _4627_/X
 _4628_/Y
 _4629_/X
 _4630_/X
 _4631_/Y
 _4632_/Y
 _4633_/Y
 _4634_/X
 _4635_/X
 _4636_/X
 _4637_/Y
 _4638_/X
 _4639_/X
 _4640_/Y
 _4641_/Y
 _4642_/X
 _4643_/Y
 _4644_/Y
 _4645_/Y
 _4646_/Y
 _4647_/Y
 _4648_/X
 _4649_/X
 _4650_/Y
 _4651_/Y
 _4652_/Y
 _4653_/Y
 _4654_/Y
 _4655_/Y
 _4656_/X
 _4657_/Y
 _4658_/X
 _4659_/Y
 _4660_/Y
 _4661_/X
 _4662_/Y
 _4663_/X
 _4664_/Y
 _4665_/Y
 _4666_/Y
 _4667_/Y
 _4668_/Y
 _4669_/Y
 _4670_/Y
 _4671_/X
 _4672_/Y
 _4673_/Y
 _4674_/Y
 _4675_/Y
 _4676_/Y
 _4677_/Y
 _4678_/X
 _4679_/Y
 _4680_/Y
 _4681_/X
 _4682_/X
 _4683_/Y
 _4684_/X
 _4685_/Y
 _4686_/X
 _4687_/X
 _4688_/X
 _4689_/X
 _4690_/Y
 _4691_/Y
 _4692_/Y
 _4693_/Y
 _4694_/X
 _4695_/Y
 _4696_/Y
 _4697_/Y
 _4698_/Y
 _4699_/Y
 _4700_/X
 _4701_/Y
 _4702_/Y
 _4703_/X
 _4704_/Y
 _4705_/X
 _4706_/X
 _4707_/X
 _4708_/Y
 _4709_/X
 _4710_/Y
 _4711_/Y
 _4712_/Y
 _4713_/X
 _4714_/Y
 _4715_/Y
 _4716_/Y
 _4717_/Y
 _4718_/Y
 _4719_/X
 _4720_/Y
 _4721_/Y
 _4722_/Y
 _4723_/X
 _4724_/Y
 _4725_/Y
 _4726_/Y
 _4727_/Y
 _4728_/X
 _4729_/Y
 _4730_/Y
 _4731_/Y
 _4732_/Y
 _4733_/Y
 _4734_/X
 _4735_/Y
 _4736_/Y
 _4737_/Y
 _4738_/X
 _4739_/Y
 _4740_/X
 _4741_/Y
 _4742_/Y
 _4743_/Y
 _4744_/Y
 _4745_/X
 _4746_/Y
 _4747_/Y
 _4748_/X
 _4749_/Y
 _4750_/Y
 _4751_/Y
 _4752_/Y
 _4753_/X
 _4754_/X
 _4755_/Y
 _4756_/X
 _4757_/Y
 _4758_/X
 _4759_/Y
 _4760_/Y
 _4761_/X
 _4762_/Y
 _4763_/X
 _4764_/Y
 _4765_/Y
 _4766_/Y
 _4767_/Y
 _4768_/X
 _4769_/Y
 _4770_/Y
 _4771_/Y
 _4772_/Y
 _4773_/Y
 _4774_/Y
 _4775_/Y
 _4776_/X
 _4777_/Y
 _4778_/Y
 _4779_/Y
 _4780_/Y
 _4781_/Y
 _4782_/Y
 _4783_/X
 _4784_/X
 _4785_/Y
 _4786_/X
 _4787_/X
 _4788_/Y
 _4789_/X
 _4790_/Y
 _4791_/Y
 _4792_/Y
 _4793_/X
 _4794_/Y
 _4795_/X
 _4796_/Y
 _4797_/X
 _4798_/X
 _4799_/Y
 _4800_/Y
 _4801_/X
 _4802_/Y
 _4803_/Y
 _4804_/Y
 _4805_/X
 _4806_/Y
 _4807_/X
 _4808_/Y
 _4809_/Y
 _4810_/Y
 _4811_/Y
 _4812_/Y
 _4813_/Y
 _4814_/Y
 _4815_/Y
 _4816_/Y
 _4817_/Y
 _4818_/Y
 _4819_/Y
 _4820_/X
 _4821_/Y
 _4822_/Y
 _4823_/Y
 _4824_/X
 _4825_/Y
 _4826_/Y
 _4827_/X
 _4828_/X
 _4829_/Y
 _4830_/X
 _4831_/Y
 _4832_/Y
 _4833_/Y
 _4834_/Y
 _4835_/Y
 _4836_/Y
 _4837_/X
 _4838_/Y
 _4839_/X
 _4840_/X
 _4841_/Y
 _4842_/Y
 _4843_/Y
 _4844_/Y
 _4845_/Y
 _4846_/X
 _4847_/X
 _4848_/Y
 _4849_/Y
 _4850_/X
 _4851_/Y
 _4852_/Y
 _4853_/Y
 _4854_/X
 _4855_/Y
 _4856_/Y
 _4857_/Y
 _4858_/Y
 _4859_/Y
 _4860_/Y
 _4861_/Y
 _4862_/X
 _4863_/Y
 _4864_/X
 _4865_/Y
 _4866_/Y
 _4867_/Y
 _4868_/Y
 _4869_/Y
 _4870_/Y
 _4871_/X
 _4872_/X
 _4873_/X
 _4874_/X
 _4875_/X
 _4876_/Y
 _4877_/Y
 _4878_/Y
 _4879_/Y
 _4880_/X
 _4881_/Y
 _4882_/X
 _4883_/Y
 _4884_/Y
 _4885_/X
 _4886_/Y
 _4887_/X
 _4888_/Y
 _4889_/Y
 _4890_/Y
 _4891_/Y
 _4892_/Y
 _4893_/Y
 _4894_/X
 _4895_/Y
 _4896_/Y
 _4897_/Y
 _4898_/Y
 _4899_/Y
 _4900_/Y
 _4901_/X
 _4902_/Y
 _4903_/Y
 _4904_/Y
 _4905_/Y
 _4906_/Y
 _4907_/X
 _4908_/Y
 _4909_/Y
 _4910_/Y
 _4911_/X
 _4912_/Y
 _4913_/X
 _4914_/Y
 _4915_/X
 _4916_/X
 _4917_/Y
 _4918_/X
 _4919_/Y
 _4920_/Y
 _4921_/Y
 _4922_/Y
 _4923_/X
 _4924_/Y
 _4925_/X
 _4926_/X
 _4927_/Y
 _4928_/X
 _4929_/Y
 _4930_/X
 _4931_/Y
 _4932_/X
 _4933_/Y
 _4934_/Y
 _4935_/X
 _4936_/Y
 _4937_/Y
 _4938_/Y
 _4939_/X
 _4940_/Y
 _4941_/Y
 _4942_/Y
 _4943_/X
 _4944_/X
 _4945_/Y
 _4946_/Y
 _4947_/Y
 _4948_/X
 _4949_/Y
 _4950_/X
 _4951_/X
 _4952_/Y
 _4953_/Y
 _4954_/X
 _4955_/X
 _4956_/X
 _4957_/Y
 _4958_/Y
 _4959_/Y
 _4960_/Y
 _4961_/X
 _4962_/X
 _4963_/Y
 _4964_/X
 _4965_/X
 _4966_/Y
 _4967_/X
 _4968_/Y
 _4969_/X
 _4970_/X
 _4971_/Y
 _4972_/X
 _4973_/Y
 _4974_/Y
 _4975_/X
 _4976_/Y
 _4977_/Y
 _4978_/Y
 _4979_/Y
 _4980_/X
 _4981_/Y
 _4982_/X
 _4983_/Y
 _4984_/X
 _4985_/Y
 _4986_/X
 _4987_/Y
 _4988_/X
 _4989_/X
 _4990_/Y
 _4991_/Y
 _4992_/Y
 _4993_/Y
 _4994_/X
 _4995_/Y
 _4996_/X
 _4997_/Y
 _4998_/X
 _4999_/Y
 _5000_/Y
 _5001_/Y
 _5002_/Y
 _5003_/Y
 _5004_/X
 _5005_/Y
 _5006_/X
 _5007_/X
 _5008_/X
 _5009_/X
 _5010_/X
 _5011_/Y
 _5012_/Y
 _5013_/Y
 _5014_/Y
 _5015_/X
 _5016_/Y
 _5017_/X
 _5018_/Y
 _5019_/Y
 _5020_/X
 _5021_/Y
 _5022_/X
 _5023_/Y
 _5024_/X
 _5025_/X
 _5026_/X
 _5027_/X
 _5028_/Y
 _5029_/Y
 _5030_/X
 _5031_/X
 _5032_/Y
 _5033_/Y
 _5034_/Y
 _5035_/Y
 _5036_/Y
 _5037_/X
 _5038_/X
 _5039_/X
 _5040_/Y
 _5041_/X
 _5042_/X
 _5043_/X
 _5044_/Y
 _5045_/Y
 _5046_/Y
 _5047_/X
 _5048_/Y
 _5049_/X
 _5050_/Y
 _5051_/Y
 _5052_/X
 _5053_/X
 _5054_/X
 _5055_/X
 _5056_/X
 _5057_/Y
 _5058_/X
 _5059_/Y
 _5060_/Y
 _5061_/Y
 _5062_/Y
 _5063_/Y
 _5064_/Y
 _5065_/Y
 _5066_/Y
 _5067_/X
 _5068_/Y
 _5069_/Y
 _5070_/Y
 _5071_/Y
 _5072_/Y
 _5073_/X
 _5074_/X
 _5075_/X
 _5076_/Y
 _5077_/X
 _5078_/Y
 _5079_/X
 _5080_/X
 _5081_/Y
 _5082_/X
 _5083_/Y
 _5084_/Y
 _5085_/Y
 _5086_/Y
 _5087_/Y
 _5088_/Y
 _5089_/Y
 _5090_/Y
 _5091_/X
 _5092_/Y
 _5093_/X
 _5094_/X
 _5095_/Y
 _5096_/Y
 _5097_/Y
 _5098_/X
 _5099_/Y
 _5100_/Y
 _5101_/X
 _5102_/X
 _5103_/X
 _5104_/Y
 _5105_/Y
 _5106_/Y
 _5107_/Y
 _5108_/X
 _5109_/Y
 _5110_/X
 _5111_/Y
 _5112_/Y
 _5113_/Y
 _5114_/Y
 _5115_/X
 _5116_/Y
 _5117_/Y
 _5118_/Y
 _5119_/Y
 _5120_/Y
 _5121_/X
 _5122_/Y
 _5123_/Y
 _5124_/X
 _5125_/X
 _5126_/Y
 _5127_/Y
 _5128_/Y
 _5129_/Y
 _5130_/Y
 _5131_/Y
 _5132_/Y
 _5133_/Y
 _5134_/Y
 _5135_/X
 _5136_/Y
 _5137_/Y
 _5138_/Y
 _5139_/Y
 _5140_/Y
 _5141_/X
 _5142_/Y
 _5143_/X
 _5144_/Y
 _5145_/Y
 _5146_/Y
 _5147_/X
 _5148_/Y
 _5149_/X
 _5150_/Y
 _5151_/X
 _5152_/X
 _5153_/Y
 _5154_/Y
 _5155_/Y
 _5156_/X
 _5157_/Y
 _5158_/X
 _5159_/Y
 _5160_/Y
 _5161_/X
 _5162_/Y
 _5163_/X
 _5164_/Y
 _5165_/Y
 _5166_/Y
 _5167_/X
 _5168_/Y
 _5169_/X
 _5170_/Y
 _5171_/Y
 _5172_/Y
 _5173_/Y
 _5174_/Y
 _5175_/X
 _5176_/Y
 _5177_/X
 _5178_/Y
 _5179_/X
 _5180_/Y
 _5181_/X
 _5182_/Y
 _5183_/Y
 _5184_/Y
 _5185_/Y
 _5186_/X
 _5187_/Y
 _5188_/Y
 _5189_/Y
 _5190_/Y
 _5191_/X
 _5192_/X
 _5193_/Y
 _5194_/Y
 _5195_/X
 _5196_/Y
 _5197_/Y
 _5198_/Y
 _5199_/X
 _5200_/Y
 _5201_/Y
 _5202_/Y
 _5203_/Y
 _5204_/Y
 _5205_/Y
 _5206_/Y
 _5207_/X
 _5208_/Y
 _5209_/X
 _5210_/Y
 _5211_/Y
 _5212_/X
 _5213_/Y
 _5214_/Y
 _5215_/X
 _5216_/Y
 _5217_/X
 _5218_/Y
 _5219_/X
 _5220_/X
 _5221_/Y
 _5222_/X
 _5223_/Y
 _5224_/Y
 _5225_/X
 _5226_/X
 _5227_/Y
 _5228_/Y
 _5229_/Y
 _5230_/Y
 _5231_/X
 _5232_/Y
 _5233_/Y
 _5234_/Y
 _5235_/Y
 _5236_/Y
 _5237_/X
 _5238_/X
 _5239_/Y
 _5240_/Y
 _5241_/Y
 _5242_/Y
 _5243_/Y
 _5244_/X
 _5245_/X
 _5246_/Y
 _5247_/X
 _5248_/Y
 _5249_/Y
 _5250_/Y
 _5251_/X
 _5252_/Y
 _5253_/Y
 _5254_/Y
 _5255_/Y
 _5256_/Y
 _5257_/Y
 _5258_/Y
 _5259_/X
 _5260_/X
 _5261_/Y
 _5262_/Y
 _5263_/X
 _5264_/Y
 _5265_/Y
 _5266_/Y
 _5267_/Y
 _5268_/Y
 _5269_/Y
 _5270_/Y
 _5271_/Y
 _5272_/Y
 _5273_/X
 _5274_/Y
 _5275_/X
 _5276_/Y
 _5277_/Y
 _5278_/Y
 _5279_/Y
 _5280_/Y
 _5281_/X
 _5282_/Y
 _5283_/Y
 _5284_/Y
 _5285_/Y
 _5286_/Y
 _5287_/X
 _5288_/X
 _5289_/Y
 _5290_/Y
 _5291_/Y
 _5292_/Y
 _5293_/Y
 _5294_/X
 _5295_/X
 _5296_/X
 _5297_/Y
 _5298_/Y
 _5299_/X
 _5300_/Y
 _5301_/X
 _5302_/Y
 _5303_/X
 _5304_/Y
 _5305_/Y
 _5306_/X
 _5307_/Y
 _5308_/Y
 _5309_/Y
 _5310_/Y
 _5311_/Y
 _5312_/X
 _5313_/Y
 _5314_/X
 _5315_/Y
 _5316_/Y
 _5317_/Y
 _5318_/X
 _5319_/X
 _5320_/Y
 _5321_/Y
 _5322_/X
 _5323_/Y
 _5324_/X
 _5325_/Y
 _5326_/Y
 _5327_/Y
 _5328_/Y
 _5329_/X
 _5330_/Y
 _5331_/X
 _5332_/X
 _5333_/Y
 _5334_/Y
 _5335_/X
 _5336_/Y
 _5337_/Y
 _5338_/Y
 _5339_/Y
 _5340_/Y
 _5341_/X
 _5342_/X
 _5343_/Y
 _5344_/Y
 _5345_/Y
 _5346_/X
 _5347_/X
 _5348_/X
 _5349_/Y
 _5350_/Y
 _5351_/Y
 _5352_/X
 _5353_/X
 _5354_/Y
 _5355_/Y
 _5356_/Y
 _5357_/Y
 _5358_/X
 _5359_/X
 _5360_/X
 _5361_/Y
 _5362_/X
 _5363_/Y
 _5364_/Y
 _5365_/Y
 _5366_/Y
 _5367_/Y
 _5368_/X
 _5369_/X
 _5370_/Y
 _5371_/Y
 _5372_/Y
 _5373_/X
 _5374_/X
 _5375_/Y
 _5376_/Y
 _5377_/Y
 _5378_/X
 _5379_/Y
 _5380_/Y
 _5381_/X
 _5382_/X
 _5383_/X
 _5384_/Y
 _5385_/Y
 _5386_/Y
 _5387_/Y
 _5388_/Y
 _5389_/X
 _5390_/Y
 _5391_/Y
 _5392_/X
 _5393_/X
 _5394_/Y
 _5395_/Y
 _5396_/X
 _5397_/Y
 _5398_/Y
 _5399_/X
 _5400_/Y
 _5401_/X
 _5402_/X
 _5403_/Y
 _5404_/Y
 _5405_/Y
 _5406_/Y
 _5407_/Y
 _5408_/Y
 _5409_/Y
 _5410_/X
 _5411_/Y
 _5412_/Y
 _5413_/X
 _5414_/Y
 _5415_/Y
 _5416_/Y
 _5417_/Y
 _5418_/Y
 _5419_/Y
 _5420_/Y
 _5421_/Y
 _5422_/X
 _5423_/Y
 _5424_/Y
 _5425_/X
 _5426_/Y
 _5427_/Y
 _5428_/X
 _5429_/Y
 _5430_/X
 _5431_/X
 _5432_/Y
 _5433_/Y
 _5434_/Y
 _5435_/X
 _5436_/Y
 _5437_/Y
 _5438_/X
 _5439_/Y
 _5440_/Y
 _5441_/X
 _5442_/X
 _5443_/Y
 _5444_/X
 _5445_/X
 _5446_/Y
 _5447_/Y
 _5448_/X
 _5449_/Y
 _5450_/Y
 _5451_/Y
 _5452_/X
 _5453_/X
 _5454_/X
 _5455_/Y
 _5456_/Y
 _5457_/X
 _5458_/Y
 _5459_/X
 _5460_/X
 _5461_/X
 _5462_/X
 _5463_/Y
 _5464_/X
 _5465_/Y
 _5466_/Y
 _5467_/X
 _5468_/Y
 _5469_/X
 _5470_/X
 _5471_/X
 _5472_/X
 _5473_/X
 _5474_/Y
 _5475_/Y
 _5476_/Y
 _5477_/X
 _5478_/X
 _5479_/Y
 _5480_/Y
 _5481_/X
 _5482_/X
 _5483_/Y
 _5484_/Y
 _5485_/X
 _5486_/X
 _5487_/X
 _5488_/Y
 _5489_/Y
 _5490_/Y
 _5491_/Y
 _5492_/X
 _5493_/Y
 _5494_/X
 _5495_/Y
 _5496_/Y
 _5497_/Y
 _5498_/Y
 _5499_/X
 _5500_/Y
 _5501_/X
 _5502_/X
 _5503_/Y
 _5504_/X
 _5505_/Y
 _5506_/Y
 _5507_/X
 _5508_/X
 _5509_/Y
 _5510_/Y
 _5511_/Y
 _5512_/X
 _5513_/Y
 _5514_/Y
 _5515_/X
 _5516_/X
 _5517_/Y
 _5518_/Y
 _5519_/Y
 _5520_/X
 _5521_/X
 _5522_/Y
 _5523_/X
 _5524_/Y
 _5525_/X
 _5526_/Y
 _5527_/Y
 _5528_/Y
 _5529_/Y
 _5530_/Y
 _5531_/Y
 _5532_/Y
 _5533_/X
 _5534_/X
 _5535_/X
 _5536_/Y
 _5537_/Y
 _5538_/Y
 _5539_/X
 _5540_/X
 _5541_/Y
 _5542_/Y
 _5543_/Y
 _5544_/X
 _5545_/Y
 _5546_/Y
 _5547_/X
 _5548_/Y
 _5549_/Y
 _5550_/Y
 _5551_/Y
 _5552_/X
 _5553_/X
 _5554_/Y
 _5555_/Y
 _5556_/Y
 _5557_/X
 _5558_/Y
 _5559_/Y
 _5560_/Y
 _5561_/Y
 _5562_/X
 _5563_/Y
 _5564_/Y
 _5565_/Y
 _5566_/Y
 _5567_/Y
 _5568_/Y
 _5569_/Y
 _5570_/Y
 _5571_/Y
 _5572_/Y
 _5573_/Y
 _5574_/Y
 _5575_/Y
 _5576_/X
 _5577_/Y
 _5578_/X
 _5579_/X
 _5580_/X
 _5581_/Y
 _5582_/Y
 _5583_/Y
 _5584_/Y
 _5585_/Y
 _5586_/Y
 _5587_/X
 _5588_/Y
 _5589_/Y
 _5590_/Y
 _5591_/Y
 _5592_/X
 _5593_/Y
 _5594_/X
 _5595_/Y
 _5596_/Y
 _5597_/Y
 _5598_/Y
 _5599_/Y
 _5600_/X
 _5601_/Y
 _5602_/X
 _5603_/Y
 _5604_/X
 _5605_/Y
 _5606_/X
 _5607_/Y
 _5608_/Y
 _5609_/Y
 _5610_/Y
 _5611_/Y
 _5612_/X
 _5613_/Y
 _5614_/X
 _5615_/Y
 _5616_/Y
 _5617_/X
 _5618_/Y
 _5619_/Y
 _5620_/X
 _5621_/Y
 _5622_/Y
 _5623_/Y
 _5624_/X
 _5625_/Y
 _5626_/Y
 _5627_/Y
 _5628_/Y
 _5629_/Y
 _5630_/Y
 _5631_/Y
 _5632_/X
 _5633_/Y
 _5634_/X
 _5635_/Y
 _5636_/Y
 _5637_/X
 _5638_/X
 _5639_/Y
 _5640_/Y
 _5641_/Y
 _5642_/X
 _5643_/Y
 _5644_/Y
 _5645_/X
 _5646_/Y
 _5647_/X
 _5648_/X
 _5649_/Y
 _5650_/X
 _5651_/X
 _5652_/Y
 _5653_/X
 _5654_/X
 _5655_/X
 _5656_/X
 _5657_/Y
 _5658_/X
 _5659_/Y
 _5660_/Y
 _5661_/X
 _5662_/Y
 _5663_/X
 _5664_/Y
 _5665_/Y
 _5666_/Y
 _5667_/Y
 _5668_/Y
 _5669_/X
 _5670_/Y
 _5671_/Y
 _5672_/Y
 _5673_/Y
 _5674_/Y
 _5675_/Y
 _5676_/X
 _5677_/Y
 _5678_/X
 _5679_/Y
 _5680_/Y
 _5681_/Y
 _5682_/X
 _5683_/Y
 _5684_/Y
 _5685_/Y
 _5686_/X
 _5687_/Y
 _5688_/Y
 _5689_/Y
 _5690_/Y
 _5691_/Y
 _5692_/Y
 _5693_/Y
 _5694_/Y
 _5695_/Y
 _5696_/Y
 _5697_/X
 _5698_/X
 _5699_/Y
 _5700_/X
 _5701_/Y
 _5702_/Y
 _5703_/Y
 _5704_/Y
 _5705_/Y
 _5706_/X
 _5707_/X
 _5708_/X
 _5709_/Y
 _5710_/Y
 _5711_/Y
 _5712_/Y
 _5713_/Y
 _5714_/X
 _5715_/Y
 _5716_/Y
 _5717_/Y
 _5718_/Y
 _5719_/Y
 _5720_/Y
 _5721_/Y
 _5722_/Y
 _5723_/Y
 _5724_/X
 _5725_/Y
 _5726_/X
 _5727_/Y
 _5728_/Y
 _5729_/Y
 _5730_/Y
 _5731_/Y
 _5732_/Y
 _5733_/Y
 _5734_/X
 _5735_/X
 _5736_/Y
 _5737_/Y
 _5738_/Y
 _5739_/Y
 _5740_/X
 _5741_/Y
 _5742_/Y
 _5743_/X
 _5744_/Y
 _5745_/Y
 _5746_/Y
 _5747_/Y
 _5748_/X
 _5749_/Y
 _5750_/Y
 _5751_/Y
 _5752_/X
 _5753_/Y
 _5754_/X
 _5755_/X
 _5756_/Y
 _5757_/Y
 _5758_/X
 _5759_/X
 _5760_/Y
 _5761_/Y
 _5762_/Y
 _5763_/Y
 _5764_/X
 _5765_/X
 _5766_/Y
 _5767_/Y
 _5768_/Y
 _5769_/Y
 _5770_/X
 _5771_/X
 _5772_/Y
 _5773_/Y
 _5774_/X
 _5775_/Y
 _5776_/X
 _5777_/Y
 _5778_/Y
 _5779_/X
 _5780_/X
 _5781_/Y
 _5782_/Y
 _5783_/X
 _5784_/X
 _5785_/Y
 _5786_/Y
 _5787_/X
 _5788_/Y
 _5789_/Y
 _5790_/Y
 _5791_/X
 _5792_/Y
 _5793_/Y
 _5794_/Y
 _5795_/X
 _5796_/Y
 _5797_/Y
 _5798_/Y
 _5799_/Y
 _5800_/Y
 _5801_/Y
 _5802_/X
 _5803_/Y
 _5804_/Y
 _5805_/Y
 _5806_/X
 _5807_/X
 _5808_/X
 _5809_/X
 _5810_/Y
 _5811_/X
 _5812_/Y
 _5813_/Y
 _5814_/Y
 _5815_/Y
 _5816_/Y
 _5817_/Y
 _5818_/X
 _5819_/Y
 _5820_/Y
 _5821_/Y
 _5822_/Y
 _5823_/X
 _5824_/Y
 _5825_/X
 _5826_/Y
 _5827_/Y
 _5828_/Y
 _5829_/Y
 _5830_/X
 _5831_/Y
 _5832_/X
 _5833_/Y
 _5834_/X
 _5835_/Y
 _5836_/Y
 _5837_/Y
 _5838_/X
 _5839_/X
 _5840_/X
 _5841_/Y
 _5842_/Y
 _5843_/X
 _5844_/Y
 _5845_/Y
 _5846_/Y
 _5847_/Y
 _5848_/Y
 _5849_/Y
 _5850_/Y
 _5851_/Y
 _5852_/Y
 _5853_/X
 _5854_/Y
 _5855_/Y
 _5856_/X
 _5857_/X
 _5858_/Y
 _5859_/Y
 _5860_/X
 _5861_/Y
 _5862_/X
 _5863_/Y
 _5864_/Y
 _5865_/X
 _5866_/X
 _5867_/Y
 _5868_/X
 _5869_/X
 _5870_/Y
 _5871_/X
 _5872_/X
 _5873_/X
 _5874_/Y
 _5875_/Y
 _5876_/X
 _5877_/X
 _5878_/Y
 _5879_/X
 _5880_/X
 _5881_/X
 _5882_/Y
 _5883_/X
 _5884_/X
 _5885_/Y
 _5886_/X
 _5887_/Y
 _5888_/X
 _5889_/Y
 _5890_/X
 _5891_/Y
 _5892_/X
 _5893_/X
 _5894_/Y
 _5895_/Y
 _5896_/X
 _5897_/X
 _5898_/Y
 _5899_/Y
 _5900_/Y
 _5901_/Y
 _5902_/X
 _5903_/Y
 _5904_/Y
 _5905_/X
 _5906_/Y
 _5907_/Y
 _5908_/X
 _5909_/Y
 _5910_/Y
 _5911_/Y
 _5912_/Y
 _5913_/X
 _5914_/X
 _5915_/Y
 _5916_/X
 _5917_/X
 _5918_/Y
 _5919_/Y
 _5920_/Y
 _5921_/X
 _5922_/Y
 _5923_/Y
 _5924_/X
 _5925_/Y
 _5926_/Y
 _5927_/X
 _5928_/X
 _5929_/Y
 _5930_/X
 _5931_/X
 _5932_/Y
 _5933_/Y
 _5934_/Y
 _5935_/Y
 _5936_/Y
 _5937_/Y
 _5938_/X
 _5939_/X
 _5940_/Y
 _5941_/X
 _5942_/Y
 _5943_/Y
 _5944_/Y
 _5945_/X
 _5946_/X
 _5947_/Y
 _5948_/Y
 _5949_/X
 _5950_/Y
 _5951_/Y
 _5952_/Y
 _5953_/Y
 _5954_/X
 _5955_/X
 _5956_/Y
 _5957_/Y
 _5958_/Y
 _5959_/X
 _5960_/Y
 _5961_/X
 _5962_/X
 _5963_/Y
 _5964_/Y
 _5965_/Y
 _5966_/Y
 _5967_/X
 _5968_/Y
 _5969_/Y
 _5970_/X
 _5971_/X
 _5972_/X
 _5973_/Y
 _5974_/Y
 _5975_/Y
 _5976_/X
 _5977_/X
 _5978_/Y
 _5979_/Y
 _5980_/Y
 _5981_/X
 _5982_/Y
 _5983_/X
 _5984_/X
 _5985_/Y
 _5986_/Y
 _5987_/X
 _5988_/Y
 _5989_/Y
 _5990_/X
 _5991_/X
 _5992_/X
 _5993_/Y
 _5994_/Y
 _5995_/Y
 _5996_/Y
 _5997_/Y
 _5998_/Y
 _5999_/Y
 _6000_/X
 _6001_/Y
 _6002_/Y
 _6003_/Y
 _6004_/X
 _6005_/Y
 _6006_/X
 _6007_/X
 _6008_/X
 _6009_/Y
 _6010_/Y
 _6011_/Y
 _6012_/X
 _6013_/Y
 _6014_/Y
 _6015_/X
 _6016_/Y
 _6017_/X
 _6018_/Y
 _6019_/Y
 _6020_/X
 _6021_/Y
 _6022_/X
 _6023_/X
 _6024_/Y
 _6025_/X
 _6026_/Y
 _6027_/Y
 _6028_/Y
 _6029_/Y
 _6030_/Y
 _6031_/Y
 _6032_/Y
 _6033_/Y
 _6034_/X
 _6035_/Y
 _6036_/Y
 _6037_/Y
 _6038_/Y
 _6039_/Y
 _6040_/Y
 _6041_/Y
 _6042_/Y
 _6043_/Y
 _6044_/Y
 _6045_/X
 _6046_/Y
 _6047_/Y
 _6048_/Y
 _6049_/Y
 _6050_/X
 _6051_/Y
 _6052_/Y
 _6053_/Y
 _6054_/Y
 _6055_/Y
 _6056_/X
 _6057_/Y
 _6058_/Y
 _6059_/Y
 _6060_/X
 _6061_/Y
 _6062_/X
 _6063_/X
 _6064_/Y
 _6065_/Y
 _6066_/Y
 _6067_/Y
 _6068_/Y
 _6069_/X
 _6070_/Y
 _6071_/Y
 _6072_/Y
 _6073_/Y
 _6074_/Y
 _6075_/Y
 _6076_/Y
 _6077_/X
 _6078_/Y
 _6079_/Y
 _6080_/Y
 _6081_/Y
 _6082_/Y
 _6083_/Y
 _6084_/Y
 _6085_/X
 _6086_/Y
 _6087_/X
 _6088_/Y
 _6089_/Y
 _6090_/Y
 _6091_/Y
 _6092_/X
 _6093_/Y
 _6094_/X
 _6095_/Y
 _6096_/X
 _6097_/Y
 _6098_/Y
 _6099_/X
 _6100_/Y
 _6101_/Y
 _6102_/X
 _6103_/Y
 _6104_/Y
 _6105_/Y
 _6106_/X
 _6107_/Y
 _6108_/Y
 _6109_/Y
 _6110_/Y
 _6111_/X
 _6112_/Y
 _6113_/X
 _6114_/X
 _6115_/Y
 _6116_/Y
 _6117_/Y
 _6118_/Y
 _6119_/Y
 _6120_/X
 _6121_/Y
 _6122_/Y
 _6123_/X
 _6124_/Y
 _6125_/X
 _6126_/Y
 _6127_/Y
 _6128_/Y
 _6129_/X
 _6130_/X
 _6131_/X
 _6132_/X
 _6133_/Y
 _6134_/Y
 _6135_/Y
 _6136_/Y
 _6137_/Y
 _6138_/Y
 _6139_/Y
 _6140_/X
 _6141_/X
 _6142_/X
 _6143_/X
 _6144_/X
 _6145_/X
 _6146_/Y
 _6147_/Y
 _6148_/Y
 _6149_/X
 _6150_/Y
 _6151_/Y
 _6152_/Y
 _6153_/X
 _6154_/X
 _6155_/Y
 _6156_/Y
 _6157_/Y
 _6158_/X
 _6159_/X
 _6160_/X
 _6161_/Y
 _6162_/Y
 _6163_/Y
 _6164_/X
 _6165_/X
 _6166_/Y
 _6167_/Y
 _6168_/X
 _6169_/Y
 _6170_/Y
 _6171_/Y
 _6172_/Y
 _6173_/Y
 _6174_/Y
 _6175_/Y
 _6176_/Y
 _6177_/Y
 _6178_/Y
 _6179_/X
 _6180_/Y
 _6181_/X
 _6182_/Y
 _6183_/X
 _6184_/X
 _6185_/X
 _6186_/Y
 _6187_/X
 _6188_/X
 _6189_/Y
 _6190_/Y
 _6191_/Y
 _6192_/X
 _6193_/X
 _6194_/Y
 _6195_/Y
 _6196_/Y
 _6197_/Y
 _6198_/X
 _6199_/X
 _6200_/X
 _6201_/Y
 _6202_/X
 _6203_/Y
 _6204_/Y
 _6205_/Y
 _6206_/Y
 _6207_/Y
 _6208_/X
 _6209_/X
 _6210_/Y
 _6211_/Y
 _6212_/Y
 _6213_/X
 _6214_/Y
 _6215_/Y
 _6216_/Y
 _6217_/Y
 _6218_/X
 _6219_/Y
 _6220_/X
 _6221_/Y
 _6222_/Y
 _6223_/X
 _6224_/Y
 _6225_/Y
 _6226_/Y
 _6227_/X
 _6228_/X
 _6229_/Y
 _6230_/Y
 _6231_/Y
 _6232_/Y
 _6233_/Y
 _6234_/Y
 _6235_/X
 _6236_/Y
 _6237_/X
 _6238_/Y
 _6239_/X
 _6240_/X
 _6241_/Y
 _6242_/Y
 _6243_/X
 _6244_/Y
 _6245_/X
 _6246_/X
 _6247_/X
 _6248_/Y
 _6249_/Y
 _6250_/Y
 _6251_/Y
 _6252_/Y
 _6253_/Y
 _6254_/X
 _6255_/Y
 _6256_/X
 _6257_/Y
 _6258_/Y
 _6259_/X
 _6260_/Y
 _6261_/Y
 _6262_/X
 _6263_/X
 _6264_/Y
 _6265_/Y
 _6266_/X
 _6267_/X
 _6268_/Y
 _6269_/X
 _6270_/X
 _6271_/X
 _6272_/Y
 _6273_/Y
 _6274_/Y
 _6275_/Y
 _6276_/Y
 _6277_/Y
 _6278_/Y
 _6279_/X
 _6280_/X
 _6281_/Y
 _6282_/Y
 _6283_/Y
 _6284_/X
 _6285_/Y
 _6286_/X
 _6287_/Y
 _6288_/X
 _6289_/X
 _6290_/Y
 _6291_/X
 _6292_/Y
 _6293_/X
 _6294_/X
 _6295_/X
 _6296_/X
 _6297_/X
 _6298_/X
 _6299_/Y
 _6300_/X
 _6301_/X
 _6302_/X
 _6303_/X
 _6304_/Y
 _6305_/Y
 _6306_/X
 _6307_/X
 _6308_/Y
 _6309_/X
 _6310_/Y
 _6311_/Y
 _6312_/Y
 _6313_/Y
 _6314_/Y
 _6315_/X
 _6316_/X
 _6317_/Y
 _6318_/Y
 _6319_/Y
 _6320_/Y
 _6321_/X
 _6322_/Y
 _6323_/Y
 _6324_/X
 _6325_/X
 _6326_/X
 _6327_/X
 _6328_/Y
 _6329_/X
 _6330_/X
 _6331_/Y
 _6332_/Y
 _6333_/X
 _6334_/Y
 _6335_/X
 _6336_/X
 _6337_/Y
 _6338_/Y
 _6339_/X
 _6340_/Y
 _6341_/Y
 _6342_/Y
 _6343_/Y
 _6344_/Y
 _6345_/X
 _6346_/Y
 _6347_/Y
 _6348_/Y
 _6349_/X
 _6350_/Y
 _6351_/Y
 _6352_/Y
 _6353_/Y
 _6354_/Y
 _6355_/Y
 _6356_/X
 _6357_/X
 _6358_/Y
 _6359_/Y
 _6360_/Y
 _6361_/Y
 _6362_/Y
 _6363_/Y
 _6364_/Y
 _6365_/X
 _6366_/Y
 _6367_/Y
 _6368_/Y
 _6369_/Y
 _6370_/X
 _6371_/X
 _6372_/Y
 _6373_/Y
 _6374_/Y
 _6375_/Y
 _6376_/Y
 _6377_/Y
 _6378_/X
 _6379_/Y
 _6380_/X
 _6381_/Y
 _6382_/Y
 _6383_/Y
 _6384_/X
 _6385_/X
 _6386_/X
 _6387_/Y
 _6388_/Y
 _6389_/Y
 _6390_/X
 _6391_/X
 _6392_/Y
 _6393_/X
 _6394_/Y
 _6395_/Y
 _6396_/Y
 _6397_/Y
 _6398_/X
 _6399_/X
 _6400_/X
 _6401_/X
 _6402_/Y
 _6403_/Y
 _6404_/X
 _6405_/X
 _6406_/Y
 _6407_/X
 _6408_/Y
 _6409_/X
 _6410_/Y
 _6411_/Y
 _6412_/Y
 _6413_/Y
 _6414_/Y
 _6415_/X
 _6416_/Y
 _6417_/X
 _6418_/X
 _6419_/X
 _6420_/Y
 _6421_/Y
 _6422_/X
 _6423_/Y
 _6424_/X
 _6425_/Y
 _6426_/Y
 _6427_/Y
 _6428_/X
 _6429_/Y
 _6430_/X
 _6431_/Y
 _6432_/Y
 _6433_/Y
 _6434_/Y
 _6435_/X
 _6436_/Y
 _6437_/X
 _6438_/Y
 _6439_/Y
 _6440_/X
 _6441_/Y
 _6442_/Y
 _6443_/X
 _6444_/X
 _6445_/Y
 _6446_/Y
 _6447_/X
 _6448_/Y
 _6449_/Y
 _6450_/Y
 _6451_/Y
 _6452_/X
 _6453_/X
 _6454_/X
 _6455_/Y
 _6456_/Y
 _6457_/X
 _6458_/Y
 _6459_/Y
 _6460_/Y
 _6461_/Y
 _6462_/X
 _6463_/Y
 _6464_/Y
 _6465_/X
 _6466_/Y
 _6467_/Y
 _6468_/Y
 _6469_/Y
 _6470_/Y
 _6471_/Y
 _6472_/X
 _6473_/Y
 _6474_/Y
 _6475_/Y
 _6476_/Y
 _6477_/X
 _6478_/Y
 _6479_/X
 _6480_/Y
 _6481_/Y
 _6482_/Y
 _6483_/X
 _6484_/Y
 _6485_/X
 _6486_/X
 _6487_/Y
 _6488_/Y
 _6489_/Y
 _6490_/Y
 _6491_/Y
 _6492_/Y
 _6493_/Y
 _6494_/Y
 _6495_/Y
 _6496_/Y
 _6497_/Y
 _6498_/Y
 _6499_/Y
 _6500_/Y
 _6501_/Y
 _6502_/Y
 _6503_/Y
 _6504_/X
 _6505_/Y
 _6506_/X
 _6507_/Y
 _6508_/Y
 _6509_/Y
 _6510_/Y
 _6511_/Y
 _6512_/X
 _6513_/Y
 _6514_/X
 _6515_/Y
 _6516_/Y
 _6517_/Y
 _6518_/Y
 _6519_/Y
 _6520_/X
 _6521_/Y
 _6522_/X
 _6523_/Y
 _6524_/Y
 _6525_/Y
 _6526_/Y
 _6527_/Y
 _6528_/Y
 _6529_/Y
 _6530_/Y
 _6531_/Y
 _6532_/Y
 _6533_/X
 _6534_/X
 _6535_/Y
 _6536_/Y
 _6537_/Y
 _6538_/X
 _6539_/Y
 _6540_/Y
 _6541_/X
 _6542_/Y
 _6543_/Y
 _6544_/Y
 _6545_/Y
 _6546_/Y
 _6547_/Y
 _6548_/X
 _6549_/Y
 _6550_/X
 _6551_/X
 _6552_/Y
 _6553_/Y
 _6554_/X
 _6555_/Y
 _6556_/Y
 _6557_/Y
 _6558_/X
 _6559_/X
 _6560_/Y
 _6561_/Y
 _6562_/Y
 _6563_/Y
 _6564_/Y
 _6565_/Y
 _6566_/Y
 _6567_/Y
 _6568_/Y
 _6569_/X
 _6570_/Y
 _6571_/X
 _6572_/Y
 _6573_/X
 _6574_/Y
 _6575_/X
 _6576_/Y
 _6577_/Y
 _6578_/Y
 _6579_/X
 _6580_/X
 _6581_/Y
 _6582_/Y
 _6583_/Y
 _6584_/X
 _6585_/X
 _6586_/X
 _6587_/Y
 _6588_/Y
 _6589_/Y
 _6590_/Y
 _6591_/Y
 _6592_/Y
 _6593_/Y
 _6594_/Y
 _6595_/X
 _6596_/Y
 _6597_/Y
 _6598_/Y
 _6599_/Y
 _6600_/Y
 _6601_/Y
 _6602_/X
 _6603_/Y
 _6604_/Y
 _6605_/Y
 _6606_/X
 _6607_/Y
 _6608_/X
 _6609_/Y
 _6610_/Y
 _6611_/X
 _6612_/X
 _6613_/Y
 _6614_/Y
 _6615_/Y
 _6616_/X
 _6617_/X
 _6618_/X
 _6619_/Y
 _6620_/Y
 _6621_/Y
 _6622_/Y
 _6623_/X
 _6624_/Y
 _6625_/Y
 _6626_/Y
 _6627_/Y
 _6628_/Y
 _6629_/Y
 _6630_/Y
 _6631_/Y
 _6632_/X
 _6633_/Y
 _6634_/Y
 _6635_/Y
 _6636_/Y
 _6637_/Y
 _6638_/Y
 _6639_/X
 _6640_/Y
 _6641_/X
 _6642_/Y
 _6643_/X
 _6644_/Y
 _6645_/Y
 _6646_/X
 _6647_/Y
 _6648_/Y
 _6649_/X
 _6650_/Y
 _6651_/Y
 _6652_/Y
 _6653_/X
 _6654_/Y
 _6655_/Y
 _6656_/Y
 _6657_/Y
 _6658_/X
 _6659_/Y
 _6660_/Y
 _6661_/Y
 _6662_/Y
 _6663_/Y
 _6664_/Y
 _6665_/Y
 _6666_/Y
 _6667_/X
 _6668_/X
 _6669_/Y
 _6670_/Y
 _6671_/Y
 _6672_/Y
 _6673_/Y
 _6674_/X
 _6675_/Y
 _6676_/Y
 _6677_/Y
 _6678_/Y
 _6679_/Y
 _6680_/Y
 _6681_/Y
 _6682_/Y
 _6683_/Y
 _6684_/Y
 _6685_/Y
 _6686_/X
 _6687_/Y
 _6688_/Y
 _6689_/Y
 _6690_/X
 _6691_/Y
 _6692_/Y
 _6693_/X
 _6694_/Y
 _6695_/X
 _6696_/Y
 _6697_/Y
 _6698_/X
 _6699_/X
 _6700_/X
 _6701_/X
 _6702_/Y
 _6703_/Y
 _6704_/Y
 _6705_/X
 _6706_/X
 _6707_/X
 _6708_/Y
 _6709_/X
 _6710_/Y
 _6711_/Y
 _6712_/Y
 _6713_/X
 _6714_/X
 _6715_/X
 _6716_/Y
 _6717_/X
 _6718_/X
 _6719_/Y
 _6720_/X
 _6721_/Y
 _6722_/X
 _6723_/Y
 _6724_/Y
 _6725_/X
 _6726_/Y
 _6727_/X
 _6728_/X
 _6729_/Y
 _6730_/Y
 _6731_/Y
 _6732_/Y
 _6733_/X
 _6734_/X
 _6735_/X
 _6736_/Y
 _6737_/X
 _6738_/Y
 _6739_/X
 _6740_/Y
 _6741_/X
 _6742_/X
 _6743_/X
 _6744_/Y
 _6745_/X
 _6746_/Y
 _6747_/Y
 _6748_/X
 _6749_/Y
 _6750_/Y
 _6751_/Y
 _6752_/Y
 _6753_/X
 _6754_/Y
 _6755_/X
 _6756_/X
 _6757_/X
 _6758_/Y
 _6759_/Y
 _6760_/Y
 _6761_/X
 _6762_/Y
 _6763_/X
 _6764_/Y
 _6765_/Y
 _6766_/X
 _6767_/Y
 _6768_/Y
 _6769_/Y
 _6770_/Y
 _6771_/X
 _6772_/Y
 _6773_/Y
 _6774_/Y
 _6775_/X
 _6776_/Y
 _6777_/Y
 _6778_/X
 _6779_/X
 _6780_/Y
 _6781_/Y
 _6782_/Y
 _6783_/Y
 _6784_/Y
 _6785_/Y
 _6786_/Y
 _6787_/Y
 _6788_/Y
 _6789_/X
 _6790_/Y
 _6791_/X
 _6792_/Y
 _6793_/Y
 _6794_/Y
 _6795_/X
 _6796_/Y
 _6797_/Y
 _6798_/X
 _6799_/X
 _6800_/Y
 _6801_/Y
 _6802_/X
 _6803_/Y
 _6804_/X
 _6805_/Y
 _6806_/X
 _6807_/Y
 _6808_/Y
 _6809_/Y
 _6810_/Y
 _6811_/Y
 _6812_/X
 _6813_/X
 _6814_/X
 _6815_/Y
 _6816_/Y
 _6817_/Y
 _6818_/X
 _6819_/Y
 _6820_/Y
 _6821_/Y
 _6822_/Y
 _6823_/Y
 _6824_/Y
 _6825_/X
 _6826_/Y
 _6827_/X
 _6828_/Y
 _6829_/Y
 _6830_/X
 _6831_/X
 _6832_/Y
 _6833_/X
 _6834_/Y
 _6835_/X
 _6836_/Y
 _6837_/X
 _6838_/X
 _6839_/Y
 _6840_/X
 _6841_/Y
 _6842_/Y
 _6843_/Y
 _6844_/X
 _6845_/Y
 _6846_/X
 _6847_/Y
 _6848_/Y
 _6849_/Y
 _6850_/X
 _6851_/Y
 _6852_/X
 _6853_/Y
 _6854_/Y
 _6855_/Y
 _6856_/Y
 _6857_/Y
 _6858_/X
 _6859_/Y
 _6860_/X
 _6861_/Y
 _6862_/Y
 _6863_/X
 _6864_/Y
 _6865_/Y
 _6866_/Y
 _6867_/Y
 _6868_/Y
 _6869_/Y
 _6870_/X
 _6871_/Y
 _6872_/X
 _6873_/Y
 _6874_/Y
 _6875_/Y
 _6876_/Y
 _6877_/Y
 _6878_/X
 _6879_/X
 _6880_/Y
 _6881_/X
 _6882_/Y
 _6883_/Y
 _6884_/X
 _6885_/Y
 _6886_/X
 _6887_/Y
 _6888_/Y
 _6889_/Y
 _6890_/X
 _6891_/Y
 _6892_/Y
 _6893_/Y
 _6894_/Y
 _6895_/Y
 _6896_/Y
 _6897_/Y
 _6898_/Y
 _6899_/Y
 _6900_/Y
 _6901_/X
 _6902_/Y
 _6903_/Y
 _6904_/Y
 _6905_/Y
 _6906_/Y
 _6907_/Y
 _6908_/X
 _6909_/Y
 _6910_/X
 _6911_/X
 _6912_/Y
 _6913_/Y
 _6914_/X
 _6915_/Y
 _6916_/X
 _6917_/X
 _6918_/Y
 _6919_/X
 _6920_/Y
 _6921_/Y
 _6922_/Y
 _6923_/Y
 _6924_/X
 _6925_/Y
 _6926_/Y
 _6927_/Y
 _6928_/Y
 _6929_/X
 _6930_/Y
 _6931_/Y
 _6932_/Y
 _6933_/Y
 _6934_/Y
 _6935_/X
 _6936_/Y
 _6937_/X
 _6938_/Y
 _6939_/Y
 _6940_/Y
 _6941_/Y
 _6942_/X
 _6943_/X
 _6944_/X
 _6945_/X
 _6946_/Y
 _6947_/Y
 _6948_/Y
 _6949_/X
 _6950_/Y
 _6951_/Y
 _6952_/Y
 _6953_/X
 _6954_/Y
 _6955_/Y
 _6956_/Y
 _6957_/Y
 _6958_/Y
 _6959_/Y
 _6960_/Y
 _6961_/Y
 _6962_/Y
 _6963_/X
 _6964_/Y
 _6965_/Y
 _6966_/X
 _6967_/Y
 _6968_/Y
 _6969_/X
 _6970_/Y
 _6971_/Y
 _6972_/Y
 _6973_/Y
 _6974_/Y
 _6975_/Y
 _6976_/Y
 _6977_/Y
 _6978_/Y
 _6979_/X
 _6980_/Y
 _6981_/X
 _6982_/Y
 _6983_/Y
 _6984_/Y
 _6985_/Y
 _6986_/Y
 _6987_/Y
 _6988_/X
 _6989_/Y
 _6990_/Y
 _6991_/Y
 _6992_/Y
 _6993_/Y
 _6994_/Y
 _6995_/X
 _6996_/Y
 _6997_/Y
 _6998_/Y
 _6999_/Y
 _7000_/X
 _7001_/Y
 _7002_/X
 _7003_/Y
 _7004_/Y
 _7005_/Y
 _7006_/Y
 _7007_/Y
 _7008_/Y
 _7009_/Y
 _7010_/X
 _7011_/Y
 _7012_/X
 _7013_/Y
 _7014_/Y
 _7015_/Y
 _7016_/Y
 _7017_/X
 _7018_/X
 _7019_/Y
 _7020_/X
 _7021_/X
 _7022_/Y
 _7023_/Y
 _7024_/X
 _7025_/Y
 _7026_/Y
 _7027_/Y
 _7028_/X
 _7029_/Y
 _7030_/Y
 _7031_/X
 _7032_/Y
 _7033_/X
 _7034_/Y
 _7035_/Y
 _7036_/X
 _7037_/X
 _7038_/Y
 _7039_/Y
 _7040_/Y
 _7041_/X
 _7042_/X
 _7043_/X
 _7044_/Y
 _7045_/Y
 _7046_/Y
 _7047_/Y
 _7048_/X
 _7049_/Y
 _7050_/Y
 _7051_/X
 _7052_/Y
 _7053_/Y
 _7054_/Y
 _7055_/Y
 _7056_/Y
 _7057_/Y
 _7058_/X
 _7059_/Y
 _7060_/Y
 _7061_/Y
 _7062_/Y
 _7063_/Y
 _7064_/Y
 _7065_/Y
 _7066_/Y
 _7067_/Y
 _7068_/X
 _7069_/Y
 _7070_/X
 _7071_/X
 _7072_/X
 _7073_/X
 _7074_/Y
 _7075_/Y
 _7076_/X
 _7077_/X
 _7078_/Y
 _7079_/Y
 _7080_/Y
 _7081_/X
 _7082_/Y
 _7083_/Y
 _7084_/X
 _7085_/Y
 _7086_/X
 _7087_/Y
 _7088_/Y
 _7089_/Y
 _7090_/Y
 _7091_/X
 _7092_/X
 _7093_/Y
 _7094_/Y
 _7095_/Y
 _7096_/Y
 _7097_/X
 _7098_/Y
 _7099_/Y
 _7100_/Y
 _7101_/Y
 _7102_/Y
 _7103_/Y
 _7104_/X
 _7105_/X
 _7106_/Y
 _7107_/Y
 _7108_/Y
 _7109_/Y
 _7110_/Y
 _7111_/Y
 _7112_/Y
 _7113_/Y
 _7114_/X
 _7115_/Y
 _7116_/X
 _7117_/Y
 _7118_/Y
 _7119_/X
 _7120_/X
 _7121_/X
 _7122_/X
 _7123_/Y
 _7124_/Y
 _7125_/Y
 _7126_/X
 _7127_/Y
 _7128_/Y
 _7129_/X
 _7130_/Y
 _7131_/X
 _7132_/X
 _7133_/Y
 _7134_/Y
 _7135_/Y
 _7136_/Y
 _7137_/Y
 _7138_/Y
 _7139_/Y
 _7140_/Y
 _7141_/Y
 _7142_/Y
 _7143_/Y
 _7144_/Y
 _7145_/Y
 _7146_/Y
 _7147_/Y
 _7148_/Y
 _7149_/Y
 _7150_/Y
 _7151_/Y
 _7152_/X
 _7153_/X
 _7154_/X
 _7155_/Y
 _7156_/Y
 _7157_/Y
 _7158_/Y
 _7159_/Y
 _7160_/Y
 _7161_/Y
 _7162_/Y
 _7163_/Y
 _7164_/Y
 _7165_/X
 _7166_/Y
 _7167_/Y
 _7168_/Y
 _7169_/Y
 _7170_/Y
 _7171_/Y
 _7172_/Y
 _7173_/Y
 _7174_/Y
 _7175_/Y
 _7176_/X
 _7177_/X
 _7178_/Y
 _7179_/Y
 _7180_/Y
 _7181_/Y
 _7182_/Y
 _7183_/Y
 _7184_/Y
 _7185_/Y
 _7186_/Y
 _7187_/Y
 _7188_/X
 _7189_/Y
 _7190_/Y
 _7191_/Y
 _7192_/Y
 _7193_/Y
 _7194_/Y
 _7195_/Y
 _7196_/Y
 _7197_/Y
 _7198_/Y
 _7199_/X
 _7200_/Y
 _7201_/Y
 _7202_/Y
 _7203_/Y
 _7204_/Y
 _7205_/Y
 _7206_/Y
 _7207_/Y
 _7208_/Y
 _7209_/Y
 _7210_/X
 _7211_/Y
 _7212_/Y
 _7213_/Y
 _7214_/Y
 _7215_/Y
 _7216_/Y
 _7217_/Y
 _7218_/Y
 _7219_/Y
 _7220_/Y
 _7221_/X
 _7222_/Y
 _7223_/Y
 _7224_/Y
 _7225_/Y
 _7226_/Y
 _7227_/Y
 _7228_/Y
 _7229_/Y
 _7230_/Y
 _7231_/Y
 _7232_/X
 _7233_/Y
 _7234_/Y
 _7235_/Y
 _7236_/Y
 _7237_/Y
 _7238_/Y
 _7239_/Y
 _7240_/Y
 _7241_/Y
 _7242_/Y
 _7243_/X
 _7244_/Y
 _7245_/Y
 _7246_/Y
 _7247_/Y
 _7248_/Y
 _7249_/Y
 _7250_/Y
 _7251_/Y
 _7252_/Y
 _7253_/Y
 _7254_/X
 _7255_/Y
 _7256_/Y
 _7257_/Y
 _7258_/Y
 _7259_/Y
 _7260_/Y
 _7261_/Y
 _7262_/Y
 _7263_/Y
 _7264_/Y
 _7265_/X
 _7266_/Y
 _7267_/Y
 _7268_/Y
 _7269_/Y
 _7270_/Y
 _7271_/Y
 _7272_/Y
 _7273_/Y
 _7274_/Y
 _7275_/Y
 _7276_/X
 _7277_/Y
 _7278_/Y
 _7279_/Y
 _7280_/Y
 _7281_/Y
 _7282_/Y
 _7283_/Y
 _7284_/Y
 _7285_/Y
 _7286_/Y
 _7287_/X
 _7288_/X
 _7289_/Y
 _7290_/Y
 _7291_/Y
 _7292_/Y
 _7293_/Y
 _7294_/Y
 _7295_/Y
 _7296_/Y
 _7297_/Y
 _7298_/Y
 _7299_/X
 _7300_/Y
 _7301_/Y
 _7302_/Y
 _7303_/Y
 _7304_/Y
 _7305_/Y
 _7306_/Y
 _7307_/Y
 _7308_/Y
 _7309_/Y
 _7310_/X
 _7311_/Y
 _7312_/Y
 _7313_/Y
 _7314_/Y
 _7315_/Y
 _7316_/Y
 _7317_/Y
 _7318_/Y
 _7319_/Y
 _7320_/Y
 _7321_/X
 _7322_/Y
 _7323_/Y
 _7324_/Y
 _7325_/Y
 _7326_/Y
 _7327_/Y
 _7328_/Y
 _7329_/Y
 _7330_/Y
 _7331_/Y
 _7332_/X
 _7333_/Y
 _7334_/Y
 _7335_/Y
 _7336_/Y
 _7337_/Y
 _7338_/Y
 _7339_/Y
 _7340_/Y
 _7341_/Y
 _7342_/Y
 _7343_/X
 _7344_/Y
 _7345_/Y
 _7346_/Y
 _7347_/Y
 _7348_/Y
 _7349_/Y
 _7350_/Y
 _7351_/Y
 _7352_/Y
 _7353_/Y
 _7354_/X
 _7355_/Y
 _7356_/Y
 _7357_/Y
 _7358_/Y
 _7359_/Y
 _7360_/Y
 _7361_/Y
 _7362_/Y
 _7363_/Y
 _7364_/Y
 _7365_/X
 _7366_/Y
 _7367_/Y
 _7368_/Y
 _7369_/Y
 _7370_/Y
 _7371_/Y
 _7372_/Y
 _7373_/Y
 _7374_/Y
 _7375_/Y
 _7376_/X
 _7377_/Y
 _7378_/Y
 _7379_/Y
 _7380_/Y
 _7381_/Y
 _7382_/Y
 _7383_/Y
 _7384_/Y
 _7385_/Y
 _7386_/Y
 _7387_/X
 _7388_/Y
 _7389_/Y
 _7390_/Y
 _7391_/Y
 _7392_/Y
 _7393_/Y
 _7394_/Y
 _7395_/Y
 _7396_/Y
 _7397_/Y
 _7398_/X
 _7399_/X
 _7400_/Y
 _7401_/Y
 _7402_/Y
 _7403_/Y
 _7404_/Y
 _7405_/Y
 _7406_/Y
 _7407_/Y
 _7408_/Y
 _7409_/Y
 _7410_/X
 _7411_/Y
 _7412_/Y
 _7413_/Y
 _7414_/Y
 _7415_/Y
 _7416_/Y
 _7417_/Y
 _7418_/Y
 _7419_/Y
 _7420_/Y
 _7421_/X
 _7422_/Y
 _7423_/Y
 _7424_/Y
 _7425_/Y
 _7426_/Y
 _7427_/Y
 _7428_/Y
 _7429_/Y
 _7430_/Y
 _7431_/Y
 _7432_/X
 _7433_/Y
 _7434_/Y
 _7435_/Y
 _7436_/Y
 _7437_/Y
 _7438_/Y
 _7439_/Y
 _7440_/Y
 _7441_/Y
 _7442_/Y
 _7443_/X
 _7444_/Y
 _7445_/Y
 _7446_/Y
 _7447_/Y
 _7448_/Y
 _7449_/Y
 _7450_/Y
 _7451_/Y
 _7452_/Y
 _7453_/Y
 _7454_/X
 _7455_/Y
 _7456_/Y
 _7457_/Y
 _7458_/Y
 _7459_/Y
 _7460_/Y
 _7461_/Y
 _7462_/Y
 _7463_/Y
 _7464_/Y
 _7465_/X
 _7466_/Y
 _7467_/Y
 _7468_/Y
 _7469_/Y
 _7470_/Y
 _7471_/Y
 _7472_/Y
 _7473_/Y
 _7474_/Y
 _7475_/Y
 _7476_/X
 _7477_/Y
 _7478_/Y
 _7479_/Y
 _7480_/Y
 _7481_/Y
 _7482_/Y
 _7483_/Y
 _7484_/Y
 _7485_/Y
 _7486_/Y
 _7487_/X
 _7488_/Y
 _7489_/Y
 _7490_/Y
 _7491_/Y
 _7492_/Y
 _7493_/Y
 _7494_/Y
 _7495_/Y
 _7496_/Y
 _7497_/Y
 _7498_/X
 _7499_/Y
 _7500_/Y
 _7501_/Y
 _7502_/Y
 _7503_/Y
 _7504_/Y
 _7505_/Y
 _7506_/Y
 _7507_/Y
 _7508_/Y
 _7509_/X
 _7510_/X
 _7511_/Y
 _7512_/Y
 _7513_/Y
 _7514_/Y
 _7515_/Y
 _7516_/Y
 _7517_/Y
 _7518_/Y
 _7519_/Y
 _7520_/Y
 _7521_/X
 _7522_/Y
 _7523_/Y
 _7524_/Y
 _7525_/Y
 _7526_/Y
 _7527_/Y
 _7528_/Y
 _7529_/Y
 _7530_/Y
 _7531_/Y
 _7532_/X
 _7533_/Y
 _7534_/Y
 _7535_/Y
 _7536_/Y
 _7537_/Y
 _7538_/Y
 _7539_/Y
 _7540_/Y
 _7541_/Y
 _7542_/Y
 _7543_/X
 _7544_/Y
 _7545_/Y
 _7546_/Y
 _7547_/Y
 _7548_/Y
 _7549_/Y
 _7550_/Y
 _7551_/Y
 _7552_/Y
 _7553_/Y
 _7554_/X
 _7555_/Y
 _7556_/Y
 _7557_/Y
 _7558_/Y
 _7559_/Y
 _7560_/Y
 _7561_/Y
 _7562_/Y
 _7563_/Y
 _7564_/Y
 _7565_/X
 _7566_/Y
 _7567_/Y
 _7568_/Y
 _7569_/Y
 _7570_/Y
 _7571_/Y
 _7572_/Y
 _7573_/Y
 _7574_/Y
 _7575_/Y
 _7576_/X
 _7577_/Y
 _7578_/Y
 _7579_/Y
 _7580_/Y
 _7581_/Y
 _7582_/Y
 _7583_/Y
 _7584_/Y
 _7585_/Y
 _7586_/Y
 _7587_/X
 _7588_/Y
 _7589_/Y
 _7590_/Y
 _7591_/Y
 _7592_/Y
 _7593_/Y
 _7594_/Y
 _7595_/Y
 _7596_/Y
 _7597_/Y
 _7598_/X
 _7599_/Y
 _7600_/Y
 _7601_/Y
 _7602_/Y
 _7603_/Y
 _7604_/Y
 _7605_/Y
 _7606_/Y
 _7607_/Y
 _7608_/Y
 _7609_/X
 _7610_/Y
 _7611_/Y
 _7612_/Y
 _7613_/Y
 _7614_/Y
 _7615_/Y
 _7616_/Y
 _7617_/Y
 _7618_/Y
 _7619_/Y
 _7620_/X
 _7621_/Y
 _7622_/Y
 _7623_/Y
 _7624_/Y
 _7625_/Y
 _7626_/Y
 _7627_/Y
 _7628_/Y
 _7629_/Y
 _7630_/Y
 _7631_/Y
 _7632_/Y
 _7633_/Y
 _7634_/Y
 _7635_/Y
 _7636_/Y
 _7637_/Y
 _7638_/Y
 _7639_/X
 _7640_/Y
 _7641_/Y
 _7642_/X
 _7643_/Y
 _7644_/X
 _7645_/Y
 _7646_/Y
 _7647_/X
 _7648_/Y
 _7649_/X
 _7650_/Y
 _7651_/Y
 _7652_/X
 _7653_/Y
 _7654_/X
 _7655_/Y
 _7656_/Y
 _7657_/X
 _7658_/Y
 _7659_/X
 _7660_/Y
 _7661_/Y
 _7662_/X
 _7663_/Y
 _7664_/X
 _7665_/Y
 _7666_/Y
 _7667_/X
 _7668_/Y
 _7669_/X
 _7670_/Y
 _7671_/Y
 _7672_/X
 _7673_/Y
 _7674_/X
 _7675_/Y
 _7676_/Y
 _7677_/X
 _7678_/Y
 _7679_/X
 _7680_/Y
 _7681_/Y
 _7682_/X
 _7683_/Y
 _7684_/X
 _7685_/X
 _7686_/X
 _7687_/X
 _7688_/X
 _7689_/X
 _7690_/X
 _7691_/X
 _7692_/X
 _7693_/X
 _7694_/X
 _7695_/X
 _7696_/X
 _7697_/X
 _7698_/X
 _7699_/X
 _7700_/X
 _7701_/X
 _7702_/X
 _7703_/X
 _7704_/X
 _7705_/X
 _7706_/Y
 _7707_/Y
 _7708_/Y
 _7709_/Y
 _7710_/Y
 _7711_/Y
 _7712_/Y
 _7713_/Y
 _7714_/Y
 _7715_/Y
 _7716_/Y
 _7717_/Y
 _7718_/Y
 _7719_/Y
 _7720_/Y
 _7721_/Y
 _7722_/Y
 _7723_/Y
 _7724_/Y
 _7725_/Y
 _7726_/X
 _7727_/X
 _7728_/X
 _7729_/Y
 _7730_/Y
 _7731_/X
 _7732_/Y
 _7733_/X
 _7734_/Y
 _7735_/Y
 _7736_/X
 _7737_/Y
 _7738_/X
 _7739_/Y
 _7740_/Y
 _7741_/X
 _7742_/Y
 _7743_/X
 _7744_/Y
 _7745_/Y
 _7746_/X
 _7747_/Y
 _7748_/X
 _7749_/Y
 _7750_/Y
 _7751_/X
 _7752_/Y
 _7753_/X
 _7754_/Y
 _7755_/Y
 _7756_/X
 _7757_/Y
 _7758_/X
 _7759_/Y
 _7760_/Y
 _7761_/X
 _7762_/Y
 _7763_/X
 _7764_/Y
 _7765_/Y
 _7766_/X
 _7767_/Y
 _7768_/X
 _7769_/Y
 _7770_/Y
 _7771_/X
 _7772_/Y
 _7773_/X
 _7774_/X
 _7775_/X
 _7776_/X
 _7777_/X
 _7778_/X
 _7779_/X
 _7780_/X
 _7781_/X
 _7782_/X
 _7783_/X
 _7784_/X
 _7785_/X
 _7786_/X
 _7787_/X
 _7788_/X
 _7789_/X
 _7790_/X
 _7791_/X
 _7792_/X
 _7793_/X
 _7794_/X
 _7795_/X
 _7796_/X
 _7797_/X
 _7798_/X
 _7799_/X
 _7800_/X
 _7801_/X
 _7802_/X
 _7803_/X
 _7804_/X
 _7805_/X
 _7806_/X
 _7807_/X
 _7808_/X
 _7809_/Y
 _7810_/Y
 _7811_/Y
 _7812_/Y
 _7813_/Y
 _7814_/Y
 _7815_/Y
 _7816_/Y
 _7817_/Y
 _7818_/Y
 _7819_/Y
 _7820_/Y
 _7821_/Y
 _7822_/Y
 _7823_/Y
 _7824_/Y
 _7825_/Y
 _7826_/Y
 _7827_/X
 _7828_/X
 _7829_/X
 _7830_/X
 _7831_/X
 _7832_/X
 _7833_/X
 _7834_/X
 _7835_/X
 _7836_/X
 _7837_/X
 _7838_/X
 _7839_/X
 _7840_/X
 _7841_/X
 _7842_/X
 _7843_/X
 _7844_/X
 _7845_/Y
 _7846_/Y
 _7847_/X
 _7848_/X
 _7849_/X
 _7850_/X
 _7851_/X
 _7852_/X
 _7853_/X
 _7854_/X
 _7855_/X
 _7856_/X
 _7857_/X
 _7858_/X
 _7859_/X
 _7860_/X
 _7861_/X
 _7862_/X
 _7863_/X
 _7864_/X
 _7865_/Y
 _7866_/Y
 _7867_/Y
 _7868_/X
 _7869_/X
 _7870_/Y
 _7871_/Y
 _7872_/X
 _7873_/X
 _7874_/Y
 _7875_/X
 _7876_/X
 _7877_/Y
 _7878_/X
 _7879_/Y
 _7880_/X
 _7881_/Y
 _7882_/X
 _7883_/X
 _7884_/X
 _7885_/Y
 _7886_/X
 _7887_/X
 _7888_/Y
 _7889_/Y
 _7890_/X
 _7891_/Y
 _7892_/Y
 _7893_/X
 _7894_/Y
 _7895_/Y
 _7896_/X
 _7897_/X
 _7898_/X
 _7899_/Y
 _7900_/X
 _7901_/X
 _7902_/Y
 _7903_/Y
 _7904_/X
 _7905_/X
 _7906_/Y
 _7907_/Y
 _7908_/X
 _7909_/X
 _7910_/Y
 _7911_/Y
 _7912_/Y
 _7913_/X
 _7914_/Y
 _7915_/X
 _7916_/X
 _7917_/Y
 _7918_/Y
 _7919_/X
 _7920_/Y
 _7921_/Y
 _7922_/X
 _7923_/X
 _7924_/X
 _7925_/Y
 _7926_/Y
 _7927_/Y
 _7928_/Y
 _7929_/Y
 _7930_/Y
 _7931_/Y
 _7932_/Y
 _7933_/Y
 _7934_/Y
 _7935_/X
 _7936_/Y
 _7937_/Y
 _7938_/Y
 _7939_/X
 _7940_/Y
 _7941_/Y
 _7942_/Y
 _7943_/X
 _7944_/Y
 _7945_/X
 _7946_/X
 _7947_/Y
 _7948_/X
 _7949_/X
 _7950_/X
 _7951_/Y
 _7952_/X
 _7953_/Y
 _7954_/Y
 _7955_/X
 _7956_/Y
 _7957_/X
 _7958_/Y
 _7959_/Y
 _7960_/Y
 _7961_/X
 _7962_/Y
 _7963_/Y
 _7964_/Y
 _7965_/Y
 _7966_/X
 _7967_/X
 _7968_/Y
 _7969_/Y
 _7970_/X
 _7971_/Y
 _7972_/Y
 _7973_/Y
 _7974_/Y
 _7975_/X
 _7976_/Y
 _7977_/X
 _7978_/X
 _7979_/Y
 _7980_/Y
 _7981_/Y
 _7982_/Y
 _7983_/Y
 _7984_/Y
 _7985_/Y
 _7986_/Y
 _7987_/X
 _7988_/Y
 _7989_/X
 _7990_/X
 _7991_/Y
 _7992_/X
 _7993_/X
 _7994_/Y
 _7995_/X
 _7996_/X
 _7997_/Y
 _7998_/X
 _7999_/Y
 _8000_/Y
 _8001_/Y
 _8002_/Y
 _8003_/X
 _8004_/Y
 _8005_/X
 _8006_/Y
 _8007_/X
 _8008_/Y
 _8009_/Y
 _8010_/X
 _8011_/Y
 _8012_/Y
 _8013_/Y
 _8014_/Y
 _8015_/X
 _8016_/Y
 _8017_/X
 _8018_/Y
 _8019_/X
 _8020_/Y
 _8021_/Y
 _8022_/Y
 _8023_/X
 _8024_/Y
 _8025_/Y
 _8026_/Y
 _8027_/X
 _8028_/Y
 _8029_/Y
 _8030_/Y
 _8031_/Y
 _8032_/X
 _8033_/X
 _8034_/Y
 _8035_/Y
 _8036_/X
 _8037_/Y
 _8038_/Y
 _8039_/X
 _8040_/Y
 _8041_/Y
 _8042_/Y
 _8043_/X
 _8044_/X
 _8045_/X
 _8046_/X
 _8047_/Y
 _8048_/Y
 _8049_/Y
 _8050_/Y
 _8051_/Y
 _8052_/X
 _8053_/X
 _8054_/Y
 _8055_/Y
 _8056_/Y
 _8057_/Y
 _8058_/Y
 _8059_/Y
 _8060_/X
 _8061_/Y
 _8062_/Y
 _8063_/Y
 _8064_/Y
 _8065_/Y
 _8066_/Y
 _8067_/Y
 _8068_/X
 _8069_/Y
 _8070_/Y
 _8071_/Y
 _8072_/X
 _8073_/Y
 _8074_/Y
 _8075_/Y
 _8076_/X
 _8077_/Y
 _8078_/X
 _8079_/X
 _8080_/Y
 _8081_/Y
 _8082_/Y
 _8083_/X
 _8084_/Y
 _8085_/Y
 _8086_/Y
 _8087_/X
 _8088_/X
 _8089_/Y
 _8090_/Y
 _8091_/Y
 _8092_/Y
 _8093_/Y
 _8094_/Y
 _8095_/Y
 _8096_/Y
 _8097_/Y
 _8098_/X
 _8099_/Y
 _8100_/X
 _8101_/Y
 _8102_/X
 _8103_/Y
 _8104_/X
 _8105_/X
 _8106_/X
 _8107_/Y
 _8108_/X
 _8109_/X
 _8110_/Y
 _8111_/X
 _8112_/Y
 _8113_/Y
 _8114_/Y
 _8115_/Y
 _8116_/Y
 _8117_/X
 _8118_/X
 _8119_/Y
 _8120_/Y
 _8121_/Y
 _8122_/Y
 _8123_/Y
 _8124_/Y
 _8125_/Y
 _8126_/Y
 _8127_/Y
 _8128_/Y
 _8129_/Y
 _8130_/Y
 _8131_/Y
 _8132_/X
 _8133_/Y
 _8134_/Y
 _8135_/X
 _8136_/Y
 _8137_/X
 _8138_/Y
 _8139_/X
 _8140_/Y
 _8141_/X
 _8142_/Y
 _8143_/Y
 _8144_/Y
 _8145_/Y
 _8146_/Y
 _8147_/Y
 _8148_/X
 _8149_/Y
 _8150_/Y
 _8151_/Y
 _8152_/Y
 _8153_/X
 _8154_/X
 _8155_/Y
 _8156_/Y
 _8157_/X
 _8158_/X
 _8159_/Y
 _8160_/Y
 _8161_/X
 _8162_/Y
 _8163_/X
 _8164_/Y
 _8165_/X
 _8166_/X
 _8167_/Y
 _8168_/Y
 _8169_/X
 _8170_/X
 _8171_/X
 _8172_/Y
 _8173_/Y
 _8174_/X
 _8175_/X
 _8176_/Y
 _8177_/X
 _8178_/Y
 _8179_/Y
 _8180_/Y
 _8181_/Y
 _8182_/X
 _8183_/X
 _8184_/Y
 _8185_/Y
 _8186_/X
 _8187_/Y
 _8188_/Y
 _8189_/Y
 _8190_/Y
 _8191_/Y
 _8192_/X
 _8193_/Y
 _8194_/Y
 _8195_/X
 _8196_/Y
 _8197_/X
 _8198_/X
 _8199_/Y
 _8200_/Y
 _8201_/X
 _8202_/Y
 _8203_/Y
 _8204_/X
 _8205_/Y
 _8206_/Y
 _8207_/X
 _8208_/Y
 _8209_/Y
 _8210_/Y
 _8211_/X
 _8212_/X
 _8213_/Y
 _8214_/Y
 _8215_/Y
 _8216_/Y
 _8217_/X
 _8218_/Y
 _8219_/X
 _8220_/Y
 _8221_/X
 _8222_/Y
 _8223_/Y
 _8224_/Y
 _8225_/Y
 _8226_/Y
 _8227_/X
 _8228_/X
 _8229_/Y
 _8230_/Y
 _8231_/Y
 _8232_/X
 _8233_/Y
 _8234_/Y
 _8235_/X
 _8236_/Y
 _8237_/Y
 _8238_/Y
 _8239_/Y
 _8240_/X
 _8241_/Y
 _8242_/Y
 _8243_/X
 _8244_/X
 _8245_/Y
 _8246_/Y
 _8247_/Y
 _8248_/X
 _8249_/Y
 _8250_/Y
 _8251_/Y
 _8252_/Y
 _8253_/X
 _8254_/X
 _8255_/Y
 _8256_/Y
 _8257_/Y
 _8258_/Y
 _8259_/Y
 _8260_/X
 _8261_/Y
 _8262_/Y
 _8263_/Y
 _8264_/Y
 _8265_/Y
 _8266_/Y
 _8267_/X
 _8268_/Y
 _8269_/X
 _8270_/Y
 _8271_/Y
 _8272_/X
 _8273_/Y
 _8274_/Y
 _8275_/X
 _8276_/X
 _8277_/Y
 _8278_/Y
 _8279_/Y
 _8280_/Y
 _8281_/Y
 _8282_/X
 _8283_/X
 _8284_/X
 _8285_/X
 _8286_/Y
 _8287_/X
 _8288_/X
 _8289_/X
 _8290_/Y
 _8291_/Y
 _8292_/X
 _8293_/X
 _8294_/Y
 _8295_/Y
 _8296_/X
 _8297_/Y
 _8298_/X
 _8299_/Y
 _8300_/Y
 _8301_/X
 _8302_/X
 _8303_/Y
 _8304_/Y
 _8305_/Y
 _8306_/Y
 _8307_/Y
 _8308_/Y
 _8309_/X
 _8310_/Y
 _8311_/X
 _8312_/Y
 _8313_/X
 _8314_/X
 _8315_/Y
 _8316_/Y
 _8317_/Y
 _8318_/Y
 _8319_/Y
 _8320_/X
 _8321_/Y
 _8322_/Y
 _8323_/X
 _8324_/Y
 _8325_/X
 _8326_/X
 _8327_/Y
 _8328_/X
 _8329_/X
 _8330_/Y
 _8331_/Y
 _8332_/X
 _8333_/X
 _8334_/Y
 _8335_/Y
 _8336_/Y
 _8337_/X
 _8338_/X
 _8339_/Y
 _8340_/X
 _8341_/Y
 _8342_/X
 _8343_/Y
 _8344_/Y
 _8345_/X
 _8346_/Y
 _8347_/X
 _8348_/Y
 _8349_/Y
 _8350_/Y
 _8351_/X
 _8352_/Y
 _8353_/X
 _8354_/Y
 _8355_/X
 _8356_/Y
 _8357_/X
 _8358_/Y
 _8359_/Y
 _8360_/X
 _8361_/Y
 _8362_/Y
 _8363_/X
 _8364_/Y
 _8365_/X
 _8366_/Y
 _8367_/X
 _8368_/X
 _8369_/Y
 _8370_/Y
 _8371_/Y
 _8372_/X
 _8373_/Y
 _8374_/X
 _8375_/Y
 _8376_/X
 _8377_/Y
 _8378_/X
 _8379_/X
 _8380_/Y
 _8381_/Y
 _8382_/X
 _8383_/Y
 _8384_/Y
 _8385_/X
 _8386_/X
 _8387_/X
 _8388_/X
 _8389_/Y
 _8390_/Y
 _8391_/Y
 _8392_/Y
 _8393_/X
 _8394_/Y
 _8395_/X
 _8396_/Y
 _8397_/X
 _8398_/Y
 _8399_/X
 _8400_/Y
 _8401_/X
 _8402_/Y
 _8403_/X
 _8404_/X
 _8405_/X
 _8406_/Y
 _8407_/X
 _8408_/X
 _8409_/X
 _8410_/Y
 _8411_/X
 _8412_/X
 _8413_/X
 _8414_/Y
 _8415_/X
 _8416_/X
 _8417_/X
 _8418_/Y
 _8419_/X
 _8420_/Y
 _8421_/X
 _8422_/Y
 _8423_/X
 _8424_/Y
 _8425_/X
 _8426_/Y
 _8427_/Y
 _8428_/X
 _8429_/X
 _8430_/X
 _8431_/X
 _8432_/Y
 _8433_/Y
 _8434_/Y
 _8435_/Y
 _8436_/Y
 _8437_/X
 _8438_/Q
 _8439_/Q
 _8440_/Q
 _8441_/Q
 _8442_/Q
 _8443_/Q
 _8444_/Q
 _8445_/Q
 _8446_/Q
 _8447_/Q
 _8448_/Q
 _8449_/Q
 _8450_/Q
 _8451_/Q
 _8452_/Q
 _8453_/Q
 _8454_/Q
 _8455_/Q
 _8456_/Q
 _8457_/Q
 _8458_/Q
 _8459_/Q
 _8460_/Q
 _8461_/Q
 _8462_/Q
 _8463_/Q
 _8464_/Q
 _8465_/Q
 _8466_/Q
 _8467_/Q
 _8468_/Q
 _8469_/Q
 _8470_/Q
 _8471_/Q
 _8472_/Q
 _8473_/Q
 _8474_/Q
 _8475_/Q
 _8476_/Q
 _8477_/Q
 _8478_/Q
 _8479_/Q
 _8480_/Q
 _8481_/Q
 _8482_/Q
 _8483_/Q
 _8484_/Q
 _8485_/Q
 _8486_/Q
 _8487_/Q
 _8488_/Q
 _8489_/Q
 _8490_/Q
 _8491_/Q
 _8492_/Q
 _8493_/Q
 _8494_/Q
 _8495_/Q
 _8496_/Q
 _8497_/Q
 _8498_/Q
 _8499_/Q
 _8500_/Q
 _8501_/Q
 _8502_/Q
 _8503_/Q
 _8504_/Q
 _8505_/Q
 _8506_/Q
 _8507_/Q
 _8508_/Q
 _8509_/Q
 _8510_/Q
 _8511_/Q
 _8512_/Q
 _8513_/Q
 _8514_/Q
 _8515_/Q
 _8516_/Q
 _8517_/Q
 _8518_/Q
 _8519_/Q
 _8520_/Q
 _8521_/Q
 _8522_/Q
 _8523_/Q
 _8524_/Q
 _8525_/Q
 _8526_/Q
 _8527_/Q
 _8528_/Q
 _8529_/Q
 _8530_/Q
 _8531_/Q
 _8532_/Q
 _8533_/Q
 _8534_/Q
 _8535_/Q
 _8536_/Q
 _8537_/Q
 _8538_/Q
 _8539_/Q
 _8540_/Q
 _8541_/Q
 _8542_/Q
 _8543_/Q
 _8544_/Q
 _8545_/Q
 _8546_/Q
 _8547_/Q
 _8548_/Q
 _8549_/Q
 _8550_/Q
 _8551_/Q
 _8552_/Q
 _8553_/Q
 _8554_/Q
 _8555_/Q
 _8556_/Q
 _8557_/Q
 _8558_/Q
 _8559_/Q
 _8560_/Q
 _8561_/Q
 _8562_/Q
 _8563_/Q
 _8564_/Q
 _8565_/Q
 _8566_/Q
 _8567_/Q
 _8568_/Q
 _8569_/Q
 _8570_/Q
 _8571_/Q
 _8572_/Q
 _8573_/Q
 _8574_/Q
 _8575_/Q
 _8576_/Q
 _8577_/Q
 _8578_/Q
 _8579_/Q
 _8580_/Q
 _8581_/Q
 _8582_/Q
 _8583_/Q
 _8584_/Q
 _8585_/Q
 _8586_/Q
 _8587_/Q
 _8588_/Q
 _8589_/Q
 _8590_/Q
 _8591_/Q
 _8592_/Q
 _8593_/Q
 _8594_/Q
 _8595_/Q
 _8596_/Q
 _8597_/Q
 _8598_/Q
 _8599_/Q
 _8600_/Q
 _8601_/Q
 _8602_/Q
 _8603_/Q
 _8604_/Q
 _8605_/Q
 _8606_/Q
 _8607_/Q
 _8608_/Q
 _8609_/Q
 _8610_/Q
 _8611_/Q
 _8612_/Q
 _8613_/Q
 _8614_/Q
 _8615_/Q
 _8616_/Q
 _8617_/Q
 _8618_/Q
 _8619_/Q
 _8620_/Q
 _8621_/Q
 _8622_/Q
 _8623_/Q
 _8624_/Q
 _8625_/Q
 _8626_/Q
 _8627_/Q
 _8628_/Q
 _8629_/Q
 _8630_/Q
 _8631_/Q
 _8632_/Q
 _8633_/Q
 _8634_/Q
 _8635_/Q
 _8636_/Q
 _8637_/Q
 _8638_/Q
 _8639_/Q
 _8640_/Q
 _8641_/Q
 _8642_/Q
 _8643_/Q
 _8644_/Q
 _8645_/Q
 _8646_/Q
 _8647_/Q
 _8648_/Q
 _8649_/Q
 _8650_/Q
 _8651_/Q
 _8652_/Q
 _8653_/Q
 _8654_/Q
 _8655_/Q
 _8656_/Q
 _8657_/Q
 _8658_/Q
 _8659_/Q
 _8660_/Q
 _8661_/Q
 _8662_/Q
 _8663_/Q
 _8664_/Q
 _8665_/Q
 _8666_/Q
 _8667_/Q
 _8668_/Q
 _8669_/Q
 _8670_/Q
 _8671_/Q
 _8672_/Q
 _8673_/Q
 _8674_/Q
 _8675_/Q
 _8676_/Q
 _8677_/Q
 _8678_/Q
 _8679_/Q
 _8680_/Q
 _8681_/Q
 _8682_/Q
 _8683_/Q
 _8684_/Q
 _8685_/Q
 _8686_/Q
 _8687_/Q
 _8688_/Q
 _8689_/Q
 _8690_/Q
 _8691_/Q
 _8692_/Q
 _8693_/Q
 _8694_/Q
 _8695_/Q
 _8696_/Q
 _8697_/Q
 _8698_/Q
 _8699_/Q
 _8700_/Q
 _8701_/Q
 _8702_/Q
 _8703_/Q
 _8704_/Q
 _8705_/Q
 _8706_/Q
 _8707_/Q
 _8708_/Q
 _8709_/Q
 _8710_/Q
 _8711_/Q
 _8712_/Q
 _8713_/Q
 _8714_/Q
 _8715_/Q
 _8716_/Q
 _8717_/Q
 _8718_/Q
 _8719_/Q
 _8720_/Q
 _8721_/Q
 _8722_/Q
 _8723_/Q
 _8724_/Q
 _8725_/Q
 _8726_/Q
 _8727_/Q
 _8728_/Q
 _8729_/Q
 _8730_/Q
 _8731_/Q
 _8732_/Q
 _8733_/Q
 _8734_/Q
 _8735_/Q
 _8736_/Q
 _8737_/Q
 _8738_/Q
 _8739_/Q
 _8740_/Q
 _8741_/Q
 _8742_/Q
 _8743_/Q
 _8744_/Q
 _8745_/Q
 _8746_/Q
 _8747_/Q
 _8748_/Q
 _8749_/Q
 _8750_/Q
 _8751_/Q
 _8752_/Q
 _8753_/Q
 _8754_/Q
 _8755_/Q
 _8756_/Q
 _8757_/Q
 _8758_/Q
 _8759_/Q
 _8760_/Q
 _8761_/Q
 _8762_/Q
 _8763_/Q
 _8764_/Q
 _8765_/Q
 _8766_/Q
 _8767_/Q
 _8768_/Q
 _8769_/Q
 _8770_/Q
 _8771_/Q
 _8772_/Q
 _8773_/Q
 _8774_/Q
 _8775_/Q
 _8776_/Q
 _8777_/Q
 _8778_/Q
 _8779_/Q
 _8780_/Q
 _8781_/Q
 _8782_/Q
 _8783_/Q
 _8784_/Q
 _8785_/Q
 _8786_/Q
 _8787_/Q
 _8788_/Q
 _8789_/Q
 _8790_/Q
 _8791_/Q
 _8792_/Q
 _8793_/Q
 _8794_/Q
 _8795_/Q
 _8796_/Q
 _8797_/Q
 _8798_/Q
 _8799_/Q
 _8800_/Q
 _8801_/Q
 _8802_/Q
 _8803_/Q
 _8804_/Q
 _8805_/Q
 _8806_/Q
 _8807_/Q
 _8808_/Q
 _8809_/Q
 _8810_/Q
 _8811_/Q
 _8812_/Q
 _8813_/Q
 _8814_/Q
 _8815_/Q
 _8816_/Q
 _8817_/Q
 _8818_/Q
 _8819_/Q
 _8820_/Q
 _8821_/Q
 _8822_/Q
 _8823_/Q
 _8824_/Q
 _8825_/Q
 _8826_/Q
 _8827_/Q
 _8828_/Q
 _8829_/Q
 _8830_/Q
 _8831_/Q
 _8832_/Q
 _8833_/Q
 _8834_/Q
 _8835_/Q
 _8836_/Q
 _8837_/Q
 _8838_/Q
 _8839_/Q
 _8840_/Q
 _8841_/Q
 _8842_/Q
 _8843_/Q
 _8844_/Q
 _8845_/Q
 _8846_/Q
 _8847_/Q
 _8848_/Q
 _8849_/Q
 _8850_/Q
 _8851_/Q
 _8852_/Q
 _8853_/Q
 _8854_/Q
 _8855_/Q
 _8856_/Q
 _8857_/Q
 _8858_/Q
 _8859_/Q
 _8860_/Q
 _8861_/Q
 _8862_/Q
 _8863_/Q
 _8864_/Q
 _8865_/Q
 _8866_/Q
 _8867_/Q
 _8868_/Q
 _8869_/Q
 _8870_/Q
 _8871_/Q
 _8872_/Q
 _8873_/Q
 _8874_/Q
 _8875_/Q
 clkbuf_0_clk/X
 clkbuf_3_0__f_clk/X
 clkbuf_3_1__f_clk/X
 clkbuf_3_2__f_clk/X
 clkbuf_3_3__f_clk/X
 clkbuf_3_4__f_clk/X
 clkbuf_3_5__f_clk/X
 clkbuf_3_6__f_clk/X
 clkbuf_3_7__f_clk/X
 clkbuf_leaf_0_clk/X
 clkbuf_leaf_10_clk/X
 clkbuf_leaf_11_clk/X
 clkbuf_leaf_12_clk/X
 clkbuf_leaf_13_clk/X
 clkbuf_leaf_14_clk/X
 clkbuf_leaf_15_clk/X
 clkbuf_leaf_16_clk/X
 clkbuf_leaf_17_clk/X
 clkbuf_leaf_18_clk/X
 clkbuf_leaf_19_clk/X
 clkbuf_leaf_1_clk/X
 clkbuf_leaf_20_clk/X
 clkbuf_leaf_21_clk/X
 clkbuf_leaf_22_clk/X
 clkbuf_leaf_23_clk/X
 clkbuf_leaf_24_clk/X
 clkbuf_leaf_25_clk/X
 clkbuf_leaf_26_clk/X
 clkbuf_leaf_27_clk/X
 clkbuf_leaf_28_clk/X
 clkbuf_leaf_29_clk/X
 clkbuf_leaf_2_clk/X
 clkbuf_leaf_30_clk/X
 clkbuf_leaf_31_clk/X
 clkbuf_leaf_32_clk/X
 clkbuf_leaf_33_clk/X
 clkbuf_leaf_34_clk/X
 clkbuf_leaf_35_clk/X
 clkbuf_leaf_36_clk/X
 clkbuf_leaf_37_clk/X
 clkbuf_leaf_38_clk/X
 clkbuf_leaf_39_clk/X
 clkbuf_leaf_3_clk/X
 clkbuf_leaf_40_clk/X
 clkbuf_leaf_41_clk/X
 clkbuf_leaf_42_clk/X
 clkbuf_leaf_43_clk/X
 clkbuf_leaf_45_clk/X
 clkbuf_leaf_46_clk/X
 clkbuf_leaf_47_clk/X
 clkbuf_leaf_48_clk/X
 clkbuf_leaf_49_clk/X
 clkbuf_leaf_4_clk/X
 clkbuf_leaf_50_clk/X
 clkbuf_leaf_51_clk/X
 clkbuf_leaf_52_clk/X
 clkbuf_leaf_53_clk/X
 clkbuf_leaf_54_clk/X
 clkbuf_leaf_55_clk/X
 clkbuf_leaf_56_clk/X
 clkbuf_leaf_57_clk/X
 clkbuf_leaf_58_clk/X
 clkbuf_leaf_59_clk/X
 clkbuf_leaf_5_clk/X
 clkbuf_leaf_61_clk/X
 clkbuf_leaf_62_clk/X
 clkbuf_leaf_63_clk/X
 clkbuf_leaf_64_clk/X
 clkbuf_leaf_6_clk/X
 clkbuf_leaf_7_clk/X
 clkbuf_leaf_9_clk/X
 fanout28/X
 fanout29/X
 fanout30/X
 fanout31/X
 fanout32/X
 fanout33/X
 fanout34/X
 fanout35/X
 fanout36/X
 fanout37/X
 fanout38/X
 fanout39/X
 fanout40/X
 fanout41/X
 fanout42/X
 input1/X
 input2/X
 input3/X
 input4/X
 input5/X
 input6/X
 input7/X
 input8/X
 input9/X
 max_cap27/X
 output10/X
 output11/X
 output12/X
 output13/X
 output14/X
 output15/X
 output16/X
 output17/X
 output18/X
 output19/X
 output20/X
 output21/X
 output22/X
 output23/X
 output24/X
 output25/X
 wire26/X
Found 0 partially unannotated drivers.

===========================================================================
max slew violation count 0
max fanout violation count 10
max cap violation count 0
============================================================================

===========================================================================
check_setup -verbose -unconstrained_endpoints -multiple_clock -no_clock -no_input_delay -loops -generated_clocks
===========================================================================
