
===========================================================================
 report_power
============================================================================
======================= Fastest Corner ===================================

Group                  Internal  Switching    Leakage      Total
                          Power      Power      Power      Power (Watts)
----------------------------------------------------------------
Sequential             9.00e-04   1.52e-04   2.11e-06   1.05e-03  24.7%
Combinational          1.64e-03   1.58e-03   5.88e-08   3.21e-03  75.3%
Macro                  0.00e+00   0.00e+00   0.00e+00   0.00e+00   0.0%
Pad                    0.00e+00   0.00e+00   0.00e+00   0.00e+00   0.0%
----------------------------------------------------------------
Total                  2.54e-03   1.73e-03   2.17e-06   4.27e-03 100.0%
                          59.4%      40.5%       0.1%

======================= Slowest Corner ===================================

Group                  Internal  Switching    Leakage      Total
                          Power      Power      Power      Power (Watts)
----------------------------------------------------------------
Sequential             6.03e-04   9.89e-05   8.43e-06   7.10e-04  24.0%
Combinational          1.19e-03   1.04e-03   2.05e-05   2.25e-03  76.0%
Macro                  0.00e+00   0.00e+00   0.00e+00   0.00e+00   0.0%
Pad                    0.00e+00   0.00e+00   0.00e+00   0.00e+00   0.0%
----------------------------------------------------------------
Total                  1.79e-03   1.14e-03   2.89e-05   2.96e-03 100.0%
                          60.6%      38.4%       1.0%

======================= Typical Corner ===================================

Group                  Internal  Switching    Leakage      Total
                          Power      Power      Power      Power (Watts)
----------------------------------------------------------------
Sequential             7.76e-04   1.27e-04   2.11e-06   9.06e-04  24.4%
Combinational          1.47e-03   1.33e-03   2.69e-08   2.81e-03  75.6%
Macro                  0.00e+00   0.00e+00   0.00e+00   0.00e+00   0.0%
Pad                    0.00e+00   0.00e+00   0.00e+00   0.00e+00   0.0%
----------------------------------------------------------------
Total                  2.25e-03   1.46e-03   2.14e-06   3.71e-03 100.0%
                          60.7%      39.3%       0.1%

