
===========================================================================
report_checks -unconstrained
===========================================================================
======================= Fastest Corner ===================================

Startpoint: rst (input port clocked by clk)
Endpoint: _8751_ (recovery check against rising-edge clock clk)
Path Group: asynchronous
Path Type: max
Corner: Fastest

Fanout     Cap    Slew   Delay    Time   Description
-----------------------------------------------------------------------------
                          0.00    0.00   clock clk (rise edge)
                          0.00    0.00   clock network delay (propagated)
                          6.00    6.00 v input external delay
                  0.01    0.01    6.01 v rst (in)
     1    0.01                           rst (net)
                  0.01    0.00    6.01 v input1/A (sky130_fd_sc_hd__buf_1)
                  0.09    0.11    6.12 v input1/X (sky130_fd_sc_hd__buf_1)
     1    0.02                           net1 (net)
                  0.09    0.00    6.12 v _7152_/A (sky130_fd_sc_hd__clkbuf_4)
                  0.06    0.16    6.27 v _7152_/X (sky130_fd_sc_hd__clkbuf_4)
     6    0.04                           _4121_ (net)
                  0.06    0.00    6.27 v _7398_/A (sky130_fd_sc_hd__clkbuf_8)
                  0.07    0.16    6.43 v _7398_/X (sky130_fd_sc_hd__clkbuf_8)
    10    0.09                           _4147_ (net)
                  0.07    0.00    6.43 v _7498_/A (sky130_fd_sc_hd__clkbuf_16)
                  0.08    0.17    6.60 v _7498_/X (sky130_fd_sc_hd__clkbuf_16)
    10    0.15                           _4157_ (net)
                  0.08    0.01    6.62 v _7502_/A (sky130_fd_sc_hd__inv_2)
                  0.03    0.05    6.66 ^ _7502_/Y (sky130_fd_sc_hd__inv_2)
     1    0.00                           _0502_ (net)
                  0.03    0.00    6.66 ^ _8751_/RESET_B (sky130_fd_sc_hd__dfrtp_1)
                                  6.66   data arrival time

                         30.00   30.00   clock clk (rise edge)
                          0.00   30.00   clock source latency
                  0.15    0.10   30.10 ^ clk (in)
     1    0.04                           clk (net)
                  0.15    0.00   30.10 ^ clkbuf_0_clk/A (sky130_fd_sc_hd__clkbuf_16)
                  0.14    0.18   30.29 ^ clkbuf_0_clk/X (sky130_fd_sc_hd__clkbuf_16)
     8    0.17                           clknet_0_clk (net)
                  0.14    0.00   30.29 ^ clkbuf_3_0__f_clk/A (sky130_fd_sc_hd__clkbuf_16)
                  0.08    0.14   30.43 ^ clkbuf_3_0__f_clk/X (sky130_fd_sc_hd__clkbuf_16)
     7    0.09                           clknet_3_0__leaf_clk (net)
                  0.09    0.01   30.44 ^ _8751_/CLK (sky130_fd_sc_hd__dfrtp_1)
                         -0.25   30.19   clock uncertainty
                          0.00   30.19   clock reconvergence pessimism
                          0.15   30.34   library recovery time
                                 30.34   data required time
-----------------------------------------------------------------------------
                                 30.34   data required time
                                 -6.66   data arrival time
-----------------------------------------------------------------------------
                                 23.68   slack (MET)


Startpoint: _8484_ (rising edge-triggered flip-flop clocked by clk)
Endpoint: led[6] (output port clocked by clk)
Path Group: clk
Path Type: max
Corner: Fastest

Fanout     Cap    Slew   Delay    Time   Description
-----------------------------------------------------------------------------
                          0.00    0.00   clock clk (rise edge)
                          0.00    0.00   clock source latency
                  0.15    0.11    0.11 ^ clk (in)
     1    0.04                           clk (net)
                  0.15    0.00    0.11 ^ clkbuf_0_clk/A (sky130_fd_sc_hd__clkbuf_16)
                  0.14    0.20    0.32 ^ clkbuf_0_clk/X (sky130_fd_sc_hd__clkbuf_16)
     8    0.17                           clknet_0_clk (net)
                  0.14    0.00    0.32 ^ clkbuf_3_5__f_clk/A (sky130_fd_sc_hd__clkbuf_16)
                  0.10    0.18    0.49 ^ clkbuf_3_5__f_clk/X (sky130_fd_sc_hd__clkbuf_16)
    10    0.12                           clknet_3_5__leaf_clk (net)
                  0.10    0.00    0.50 ^ clkbuf_leaf_40_clk/A (sky130_fd_sc_hd__clkbuf_16)
                  0.04    0.12    0.61 ^ clkbuf_leaf_40_clk/X (sky130_fd_sc_hd__clkbuf_16)
    12    0.03                           clknet_leaf_40_clk (net)
                  0.04    0.00    0.62 ^ _8484_/CLK (sky130_fd_sc_hd__dfrtp_1)
                  0.03    0.23    0.85 v _8484_/Q (sky130_fd_sc_hd__dfrtp_1)
     1    0.00                           net22 (net)
                  0.03    0.00    0.85 v output22/A (sky130_fd_sc_hd__clkbuf_4)
                  0.06    0.13    0.98 v output22/X (sky130_fd_sc_hd__clkbuf_4)
     1    0.04                           led[6] (net)
                  0.06    0.00    0.98 v led[6] (out)
                                  0.98   data arrival time

                         30.00   30.00   clock clk (rise edge)
                          0.00   30.00   clock network delay (propagated)
                         -0.25   29.75   clock uncertainty
                          0.00   29.75   clock reconvergence pessimism
                         -6.00   23.75   output external delay
                                 23.75   data required time
-----------------------------------------------------------------------------
                                 23.75   data required time
                                 -0.98   data arrival time
-----------------------------------------------------------------------------
                                 22.77   slack (MET)



======================= Slowest Corner ===================================

Startpoint: rst (input port clocked by clk)
Endpoint: _8751_ (recovery check against rising-edge clock clk)
Path Group: asynchronous
Path Type: max
Corner: Slowest

Fanout     Cap    Slew   Delay    Time   Description
-----------------------------------------------------------------------------
                          0.00    0.00   clock clk (rise edge)
                          0.00    0.00   clock network delay (propagated)
                          6.00    6.00 v input external delay
                  0.03    0.02    6.02 v rst (in)
     1    0.01                           rst (net)
                  0.03    0.00    6.02 v input1/A (sky130_fd_sc_hd__buf_1)
                  0.25    0.31    6.33 v input1/X (sky130_fd_sc_hd__buf_1)
     1    0.02                           net1 (net)
                  0.25    0.00    6.33 v _7152_/A (sky130_fd_sc_hd__clkbuf_4)
                  0.15    0.44    6.77 v _7152_/X (sky130_fd_sc_hd__clkbuf_4)
     6    0.04                           _4121_ (net)
                  0.15    0.00    6.77 v _7398_/A (sky130_fd_sc_hd__clkbuf_8)
                  0.18    0.41    7.18 v _7398_/X (sky130_fd_sc_hd__clkbuf_8)
    10    0.09                           _4147_ (net)
                  0.18    0.00    7.18 v _7498_/A (sky130_fd_sc_hd__clkbuf_16)
                  0.18    0.43    7.62 v _7498_/X (sky130_fd_sc_hd__clkbuf_16)
    10    0.15                           _4157_ (net)
                  0.18    0.01    7.63 v _7502_/A (sky130_fd_sc_hd__inv_2)
                  0.06    0.11    7.74 ^ _7502_/Y (sky130_fd_sc_hd__inv_2)
     1    0.00                           _0502_ (net)
                  0.06    0.00    7.74 ^ _8751_/RESET_B (sky130_fd_sc_hd__dfrtp_1)
                                  7.74   data arrival time

                         30.00   30.00   clock clk (rise edge)
                          0.00   30.00   clock source latency
                  0.32    0.21   30.21 ^ clk (in)
     1    0.04                           clk (net)
                  0.32    0.00   30.21 ^ clkbuf_0_clk/A (sky130_fd_sc_hd__clkbuf_16)
                  0.27    0.47   30.68 ^ clkbuf_0_clk/X (sky130_fd_sc_hd__clkbuf_16)
     8    0.17                           clknet_0_clk (net)
                  0.27    0.00   30.69 ^ clkbuf_3_0__f_clk/A (sky130_fd_sc_hd__clkbuf_16)
                  0.17    0.38   31.06 ^ clkbuf_3_0__f_clk/X (sky130_fd_sc_hd__clkbuf_16)
     7    0.09                           clknet_3_0__leaf_clk (net)
                  0.17    0.01   31.07 ^ _8751_/CLK (sky130_fd_sc_hd__dfrtp_1)
                         -0.25   30.82   clock uncertainty
                          0.00   30.82   clock reconvergence pessimism
                          0.50   31.32   library recovery time
                                 31.32   data required time
-----------------------------------------------------------------------------
                                 31.32   data required time
                                 -7.74   data arrival time
-----------------------------------------------------------------------------
                                 23.57   slack (MET)


Startpoint: _8484_ (rising edge-triggered flip-flop clocked by clk)
Endpoint: led[6] (output port clocked by clk)
Path Group: clk
Path Type: max
Corner: Slowest

Fanout     Cap    Slew   Delay    Time   Description
-----------------------------------------------------------------------------
                          0.00    0.00   clock clk (rise edge)
                          0.00    0.00   clock source latency
                  0.32    0.23    0.23 ^ clk (in)
     1    0.04                           clk (net)
                  0.32    0.00    0.23 ^ clkbuf_0_clk/A (sky130_fd_sc_hd__clkbuf_16)
                  0.27    0.52    0.75 ^ clkbuf_0_clk/X (sky130_fd_sc_hd__clkbuf_16)
     8    0.17                           clknet_0_clk (net)
                  0.27    0.00    0.76 ^ clkbuf_3_5__f_clk/A (sky130_fd_sc_hd__clkbuf_16)
                  0.20    0.45    1.20 ^ clkbuf_3_5__f_clk/X (sky130_fd_sc_hd__clkbuf_16)
    10    0.12                           clknet_3_5__leaf_clk (net)
                  0.20    0.00    1.21 ^ clkbuf_leaf_40_clk/A (sky130_fd_sc_hd__clkbuf_16)
                  0.08    0.32    1.52 ^ clkbuf_leaf_40_clk/X (sky130_fd_sc_hd__clkbuf_16)
    12    0.03                           clknet_leaf_40_clk (net)
                  0.08    0.00    1.52 ^ _8484_/CLK (sky130_fd_sc_hd__dfrtp_1)
                  0.07    0.77    2.29 v _8484_/Q (sky130_fd_sc_hd__dfrtp_1)
     1    0.00                           net22 (net)
                  0.07    0.00    2.29 v output22/A (sky130_fd_sc_hd__clkbuf_4)
                  0.15    0.35    2.64 v output22/X (sky130_fd_sc_hd__clkbuf_4)
     1    0.04                           led[6] (net)
                  0.15    0.00    2.64 v led[6] (out)
                                  2.64   data arrival time

                         30.00   30.00   clock clk (rise edge)
                          0.00   30.00   clock network delay (propagated)
                         -0.25   29.75   clock uncertainty
                          0.00   29.75   clock reconvergence pessimism
                         -6.00   23.75   output external delay
                                 23.75   data required time
-----------------------------------------------------------------------------
                                 23.75   data required time
                                 -2.64   data arrival time
-----------------------------------------------------------------------------
                                 21.11   slack (MET)



======================= Typical Corner ===================================

Startpoint: rst (input port clocked by clk)
Endpoint: _8751_ (recovery check against rising-edge clock clk)
Path Group: asynchronous
Path Type: max
Corner: Typical

Fanout     Cap    Slew   Delay    Time   Description
-----------------------------------------------------------------------------
                          0.00    0.00   clock clk (rise edge)
                          0.00    0.00   clock network delay (propagated)
                          6.00    6.00 v input external delay
                  0.02    0.01    6.01 v rst (in)
     1    0.01                           rst (net)
                  0.02    0.00    6.01 v input1/A (sky130_fd_sc_hd__buf_1)
                  0.13    0.17    6.18 v input1/X (sky130_fd_sc_hd__buf_1)
     1    0.02                           net1 (net)
                  0.13    0.00    6.18 v _7152_/A (sky130_fd_sc_hd__clkbuf_4)
                  0.08    0.24    6.41 v _7152_/X (sky130_fd_sc_hd__clkbuf_4)
     6    0.04                           _4121_ (net)
                  0.08    0.00    6.41 v _7398_/A (sky130_fd_sc_hd__clkbuf_8)
                  0.10    0.23    6.64 v _7398_/X (sky130_fd_sc_hd__clkbuf_8)
    10    0.09                           _4147_ (net)
                  0.10    0.00    6.64 v _7498_/A (sky130_fd_sc_hd__clkbuf_16)
                  0.10    0.25    6.89 v _7498_/X (sky130_fd_sc_hd__clkbuf_16)
    10    0.15                           _4157_ (net)
                  0.11    0.01    6.90 v _7502_/A (sky130_fd_sc_hd__inv_2)
                  0.04    0.07    6.97 ^ _7502_/Y (sky130_fd_sc_hd__inv_2)
     1    0.00                           _0502_ (net)
                  0.04    0.00    6.97 ^ _8751_/RESET_B (sky130_fd_sc_hd__dfrtp_1)
                                  6.97   data arrival time

                         30.00   30.00   clock clk (rise edge)
                          0.00   30.00   clock source latency
                  0.20    0.14   30.14 ^ clk (in)
     1    0.04                           clk (net)
                  0.20    0.00   30.14 ^ clkbuf_0_clk/A (sky130_fd_sc_hd__clkbuf_16)
                  0.18    0.27   30.41 ^ clkbuf_0_clk/X (sky130_fd_sc_hd__clkbuf_16)
     8    0.17                           clknet_0_clk (net)
                  0.18    0.00   30.41 ^ clkbuf_3_0__f_clk/A (sky130_fd_sc_hd__clkbuf_16)
                  0.11    0.21   30.62 ^ clkbuf_3_0__f_clk/X (sky130_fd_sc_hd__clkbuf_16)
     7    0.09                           clknet_3_0__leaf_clk (net)
                  0.11    0.01   30.63 ^ _8751_/CLK (sky130_fd_sc_hd__dfrtp_1)
                         -0.25   30.38   clock uncertainty
                          0.00   30.38   clock reconvergence pessimism
                          0.25   30.63   library recovery time
                                 30.63   data required time
-----------------------------------------------------------------------------
                                 30.63   data required time
                                 -6.97   data arrival time
-----------------------------------------------------------------------------
                                 23.66   slack (MET)


Startpoint: _8484_ (rising edge-triggered flip-flop clocked by clk)
Endpoint: led[6] (output port clocked by clk)
Path Group: clk
Path Type: max
Corner: Typical

Fanout     Cap    Slew   Delay    Time   Description
-----------------------------------------------------------------------------
                          0.00    0.00   clock clk (rise edge)
                          0.00    0.00   clock source latency
                  0.20    0.15    0.15 ^ clk (in)
     1    0.04                           clk (net)
                  0.20    0.00    0.15 ^ clkbuf_0_clk/A (sky130_fd_sc_hd__clkbuf_16)
                  0.18    0.30    0.45 ^ clkbuf_0_clk/X (sky130_fd_sc_hd__clkbuf_16)
     8    0.17                           clknet_0_clk (net)
                  0.18    0.00    0.45 ^ clkbuf_3_5__f_clk/A (sky130_fd_sc_hd__clkbuf_16)
                  0.13    0.26    0.71 ^ clkbuf_3_5__f_clk/X (sky130_fd_sc_hd__clkbuf_16)
    10    0.12                           clknet_3_5__leaf_clk (net)
                  0.13    0.00    0.71 ^ clkbuf_leaf_40_clk/A (sky130_fd_sc_hd__clkbuf_16)
                  0.05    0.18    0.89 ^ clkbuf_leaf_40_clk/X (sky130_fd_sc_hd__clkbuf_16)
    12    0.03                           clknet_leaf_40_clk (net)
                  0.05    0.00    0.89 ^ _8484_/CLK (sky130_fd_sc_hd__dfrtp_1)
                  0.04    0.37    1.26 v _8484_/Q (sky130_fd_sc_hd__dfrtp_1)
     1    0.00                           net22 (net)
                  0.04    0.00    1.26 v output22/A (sky130_fd_sc_hd__clkbuf_4)
                  0.08    0.19    1.45 v output22/X (sky130_fd_sc_hd__clkbuf_4)
     1    0.04                           led[6] (net)
                  0.08    0.00    1.45 v led[6] (out)
                                  1.45   data arrival time

                         30.00   30.00   clock clk (rise edge)
                          0.00   30.00   clock network delay (propagated)
                         -0.25   29.75   clock uncertainty
                          0.00   29.75   clock reconvergence pessimism
                         -6.00   23.75   output external delay
                                 23.75   data required time
-----------------------------------------------------------------------------
                                 23.75   data required time
                                 -1.45   data arrival time
-----------------------------------------------------------------------------
                                 22.30   slack (MET)




===========================================================================
report_checks --slack_max -0.01
============================================================================
======================= Fastest Corner ===================================

No paths found.

======================= Slowest Corner ===================================

No paths found.

======================= Typical Corner ===================================

No paths found.


===========================================================================
 report_check_types -max_slew -max_cap -max_fanout -violators
============================================================================
======================= Fastest Corner ===================================

max fanout

Pin                                   Limit Fanout  Slack
---------------------------------------------------------
clkbuf_leaf_15_clk/X                     10     13     -3 (VIOLATED)
clkbuf_leaf_32_clk/X                     10     13     -3 (VIOLATED)
clkbuf_leaf_39_clk/X                     10     13     -3 (VIOLATED)
clkbuf_leaf_56_clk/X                     10     13     -3 (VIOLATED)
clkbuf_leaf_40_clk/X                     10     12     -2 (VIOLATED)
clkbuf_leaf_57_clk/X                     10     12     -2 (VIOLATED)
clkbuf_3_4__f_clk/X                      10     11        (VIOLATED)
clkbuf_leaf_16_clk/X                     10     11        (VIOLATED)
clkbuf_leaf_31_clk/X                     10     11        (VIOLATED)
clkbuf_leaf_53_clk/X                     10     11        (VIOLATED)


======================= Slowest Corner ===================================

max fanout

Pin                                   Limit Fanout  Slack
---------------------------------------------------------
clkbuf_leaf_15_clk/X                     10     13     -3 (VIOLATED)
clkbuf_leaf_32_clk/X                     10     13     -3 (VIOLATED)
clkbuf_leaf_39_clk/X                     10     13     -3 (VIOLATED)
clkbuf_leaf_56_clk/X                     10     13     -3 (VIOLATED)
clkbuf_leaf_40_clk/X                     10     12     -2 (VIOLATED)
clkbuf_leaf_57_clk/X                     10     12     -2 (VIOLATED)
clkbuf_3_4__f_clk/X                      10     11        (VIOLATED)
clkbuf_leaf_16_clk/X                     10     11        (VIOLATED)
clkbuf_leaf_31_clk/X                     10     11        (VIOLATED)
clkbuf_leaf_53_clk/X                     10     11        (VIOLATED)


======================= Typical Corner ===================================

max fanout

Pin                                   Limit Fanout  Slack
---------------------------------------------------------
clkbuf_leaf_15_clk/X                     10     13     -3 (VIOLATED)
clkbuf_leaf_32_clk/X                     10     13     -3 (VIOLATED)
clkbuf_leaf_39_clk/X                     10     13     -3 (VIOLATED)
clkbuf_leaf_56_clk/X                     10     13     -3 (VIOLATED)
clkbuf_leaf_40_clk/X                     10     12     -2 (VIOLATED)
clkbuf_leaf_57_clk/X                     10     12     -2 (VIOLATED)
clkbuf_3_4__f_clk/X                      10     11        (VIOLATED)
clkbuf_leaf_16_clk/X                     10     11        (VIOLATED)
clkbuf_leaf_31_clk/X                     10     11        (VIOLATED)
clkbuf_leaf_53_clk/X                     10     11        (VIOLATED)



===========================================================================
report_parasitic_annotation -report_unannotated
============================================================================
Found 0 unannotated drivers.
Found 0 partially unannotated drivers.

===========================================================================
max slew violation count 0
max fanout violation count 10
max cap violation count 0
============================================================================

===========================================================================
check_setup -verbose -unconstrained_endpoints -multiple_clock -no_clock -no_input_delay -loops -generated_clocks
===========================================================================
