
===========================================================================
 report_power
============================================================================
======================= Fastest Corner ===================================

Group                  Internal  Switching    Leakage      Total
                          Power      Power      Power      Power (Watts)
----------------------------------------------------------------
Sequential             8.98e-04   1.64e-04   2.11e-06   1.06e-03  24.3%
Combinational          1.64e-03   1.67e-03   5.88e-08   3.31e-03  75.7%
Macro                  0.00e+00   0.00e+00   0.00e+00   0.00e+00   0.0%
Pad                    0.00e+00   0.00e+00   0.00e+00   0.00e+00   0.0%
----------------------------------------------------------------
Total                  2.54e-03   1.84e-03   2.17e-06   4.37e-03 100.0%
                          58.0%      42.0%       0.0%

======================= Slowest Corner ===================================

Group                  Internal  Switching    Leakage      Total
                          Power      Power      Power      Power (Watts)
----------------------------------------------------------------
Sequential             6.01e-04   1.07e-04   8.43e-06   7.17e-04  23.6%
Combinational          1.19e-03   1.10e-03   2.05e-05   2.32e-03  76.4%
Macro                  0.00e+00   0.00e+00   0.00e+00   0.00e+00   0.0%
Pad                    0.00e+00   0.00e+00   0.00e+00   0.00e+00   0.0%
----------------------------------------------------------------
Total                  1.79e-03   1.21e-03   2.89e-05   3.04e-03 100.0%
                          59.1%      39.9%       1.0%

======================= Typical Corner ===================================

Group                  Internal  Switching    Leakage      Total
                          Power      Power      Power      Power (Watts)
----------------------------------------------------------------
Sequential             7.75e-04   1.37e-04   2.11e-06   9.14e-04  24.0%
Combinational          1.48e-03   1.41e-03   2.69e-08   2.89e-03  76.0%
Macro                  0.00e+00   0.00e+00   0.00e+00   0.00e+00   0.0%
Pad                    0.00e+00   0.00e+00   0.00e+00   0.00e+00   0.0%
----------------------------------------------------------------
Total                  2.25e-03   1.55e-03   2.14e-06   3.80e-03 100.0%
                          59.2%      40.8%       0.1%

