
===========================================================================
report_checks -unconstrained
===========================================================================
======================= Fastest Corner ===================================

Startpoint: rst (input port clocked by clk)
Endpoint: _8751_ (recovery check against rising-edge clock clk)
Path Group: asynchronous
Path Type: max
Corner: Fastest

Fanout     Cap    Slew   Delay    Time   Description
-----------------------------------------------------------------------------
                          0.00    0.00   clock clk (rise edge)
                          0.00    0.00   clock network delay (propagated)
                          6.00    6.00 v input external delay
                  0.01    0.01    6.01 v rst (in)
     1    0.01                           rst (net)
                  0.01    0.00    6.01 v input1/A (sky130_fd_sc_hd__buf_1)
                  0.09    0.11    6.12 v input1/X (sky130_fd_sc_hd__buf_1)
     1    0.02                           net1 (net)
                  0.09    0.00    6.12 v _7152_/A (sky130_fd_sc_hd__clkbuf_4)
                  0.06    0.16    6.28 v _7152_/X (sky130_fd_sc_hd__clkbuf_4)
     6    0.04                           _4121_ (net)
                  0.06    0.00    6.28 v _7398_/A (sky130_fd_sc_hd__clkbuf_8)
                  0.08    0.16    6.44 v _7398_/X (sky130_fd_sc_hd__clkbuf_8)
    10    0.10                           _4147_ (net)
                  0.08    0.01    6.45 v _7498_/A (sky130_fd_sc_hd__clkbuf_16)
                  0.09    0.17    6.62 v _7498_/X (sky130_fd_sc_hd__clkbuf_16)
    10    0.16                           _4157_ (net)
                  0.10    0.03    6.65 v _7502_/A (sky130_fd_sc_hd__inv_2)
                  0.03    0.05    6.71 ^ _7502_/Y (sky130_fd_sc_hd__inv_2)
     1    0.00                           _0502_ (net)
                  0.03    0.00    6.71 ^ _8751_/RESET_B (sky130_fd_sc_hd__dfrtp_1)
                                  6.71   data arrival time

                         30.00   30.00   clock clk (rise edge)
                          0.00   30.00   clock source latency
                  0.17    0.12   30.12 ^ clk (in)
     1    0.05                           clk (net)
                  0.17    0.00   30.12 ^ clkbuf_0_clk/A (sky130_fd_sc_hd__clkbuf_16)
                  0.15    0.18   30.30 ^ clkbuf_0_clk/X (sky130_fd_sc_hd__clkbuf_16)
     8    0.18                           clknet_0_clk (net)
                  0.15    0.01   30.31 ^ clkbuf_3_0__f_clk/A (sky130_fd_sc_hd__clkbuf_16)
                  0.09    0.15   30.46 ^ clkbuf_3_0__f_clk/X (sky130_fd_sc_hd__clkbuf_16)
     7    0.10                           clknet_3_0__leaf_clk (net)
                  0.10    0.01   30.47 ^ _8751_/CLK (sky130_fd_sc_hd__dfrtp_1)
                         -0.25   30.22   clock uncertainty
                          0.00   30.22   clock reconvergence pessimism
                          0.15   30.38   library recovery time
                                 30.38   data required time
-----------------------------------------------------------------------------
                                 30.38   data required time
                                 -6.71   data arrival time
-----------------------------------------------------------------------------
                                 23.67   slack (MET)


Startpoint: _8485_ (rising edge-triggered flip-flop clocked by clk)
Endpoint: led[7] (output port clocked by clk)
Path Group: clk
Path Type: max
Corner: Fastest

Fanout     Cap    Slew   Delay    Time   Description
-----------------------------------------------------------------------------
                          0.00    0.00   clock clk (rise edge)
                          0.00    0.00   clock source latency
                  0.17    0.13    0.13 ^ clk (in)
     1    0.05                           clk (net)
                  0.17    0.00    0.13 ^ clkbuf_0_clk/A (sky130_fd_sc_hd__clkbuf_16)
                  0.15    0.20    0.33 ^ clkbuf_0_clk/X (sky130_fd_sc_hd__clkbuf_16)
     8    0.18                           clknet_0_clk (net)
                  0.15    0.01    0.35 ^ clkbuf_3_5__f_clk/A (sky130_fd_sc_hd__clkbuf_16)
                  0.11    0.18    0.52 ^ clkbuf_3_5__f_clk/X (sky130_fd_sc_hd__clkbuf_16)
    10    0.13                           clknet_3_5__leaf_clk (net)
                  0.11    0.01    0.53 ^ clkbuf_leaf_40_clk/A (sky130_fd_sc_hd__clkbuf_16)
                  0.04    0.12    0.65 ^ clkbuf_leaf_40_clk/X (sky130_fd_sc_hd__clkbuf_16)
    12    0.04                           clknet_leaf_40_clk (net)
                  0.04    0.00    0.65 ^ _8485_/CLK (sky130_fd_sc_hd__dfrtp_1)
                  0.03    0.23    0.89 v _8485_/Q (sky130_fd_sc_hd__dfrtp_1)
     1    0.00                           net23 (net)
                  0.03    0.00    0.89 v output23/A (sky130_fd_sc_hd__clkbuf_4)
                  0.06    0.13    1.02 v output23/X (sky130_fd_sc_hd__clkbuf_4)
     1    0.04                           led[7] (net)
                  0.06    0.00    1.02 v led[7] (out)
                                  1.02   data arrival time

                         30.00   30.00   clock clk (rise edge)
                          0.00   30.00   clock network delay (propagated)
                         -0.25   29.75   clock uncertainty
                          0.00   29.75   clock reconvergence pessimism
                         -6.00   23.75   output external delay
                                 23.75   data required time
-----------------------------------------------------------------------------
                                 23.75   data required time
                                 -1.02   data arrival time
-----------------------------------------------------------------------------
                                 22.73   slack (MET)



======================= Slowest Corner ===================================

Startpoint: rst (input port clocked by clk)
Endpoint: _8751_ (recovery check against rising-edge clock clk)
Path Group: asynchronous
Path Type: max
Corner: Slowest

Fanout     Cap    Slew   Delay    Time   Description
-----------------------------------------------------------------------------
                          0.00    0.00   clock clk (rise edge)
                          0.00    0.00   clock network delay (propagated)
                          6.00    6.00 v input external delay
                  0.03    0.02    6.02 v rst (in)
     1    0.01                           rst (net)
                  0.03    0.00    6.02 v input1/A (sky130_fd_sc_hd__buf_1)
                  0.26    0.32    6.34 v input1/X (sky130_fd_sc_hd__buf_1)
     1    0.02                           net1 (net)
                  0.26    0.00    6.34 v _7152_/A (sky130_fd_sc_hd__clkbuf_4)
                  0.15    0.45    6.79 v _7152_/X (sky130_fd_sc_hd__clkbuf_4)
     6    0.04                           _4121_ (net)
                  0.15    0.00    6.79 v _7398_/A (sky130_fd_sc_hd__clkbuf_8)
                  0.20    0.42    7.21 v _7398_/X (sky130_fd_sc_hd__clkbuf_8)
    10    0.10                           _4147_ (net)
                  0.20    0.01    7.22 v _7498_/A (sky130_fd_sc_hd__clkbuf_16)
                  0.20    0.45    7.67 v _7498_/X (sky130_fd_sc_hd__clkbuf_16)
    10    0.16                           _4157_ (net)
                  0.20    0.03    7.71 v _7502_/A (sky130_fd_sc_hd__inv_2)
                  0.07    0.13    7.83 ^ _7502_/Y (sky130_fd_sc_hd__inv_2)
     1    0.00                           _0502_ (net)
                  0.07    0.00    7.83 ^ _8751_/RESET_B (sky130_fd_sc_hd__dfrtp_1)
                                  7.83   data arrival time

                         30.00   30.00   clock clk (rise edge)
                          0.00   30.00   clock source latency
                  0.36    0.24   30.24 ^ clk (in)
     1    0.05                           clk (net)
                  0.36    0.00   30.24 ^ clkbuf_0_clk/A (sky130_fd_sc_hd__clkbuf_16)
                  0.29    0.49   30.73 ^ clkbuf_0_clk/X (sky130_fd_sc_hd__clkbuf_16)
     8    0.18                           clknet_0_clk (net)
                  0.29    0.01   30.74 ^ clkbuf_3_0__f_clk/A (sky130_fd_sc_hd__clkbuf_16)
                  0.18    0.39   31.13 ^ clkbuf_3_0__f_clk/X (sky130_fd_sc_hd__clkbuf_16)
     7    0.10                           clknet_3_0__leaf_clk (net)
                  0.18    0.01   31.15 ^ _8751_/CLK (sky130_fd_sc_hd__dfrtp_1)
                         -0.25   30.90   clock uncertainty
                          0.00   30.90   clock reconvergence pessimism
                          0.50   31.40   library recovery time
                                 31.40   data required time
-----------------------------------------------------------------------------
                                 31.40   data required time
                                 -7.83   data arrival time
-----------------------------------------------------------------------------
                                 23.57   slack (MET)


Startpoint: _8804_ (rising edge-triggered flip-flop clocked by clk)
Endpoint: _8678_ (rising edge-triggered flip-flop clocked by clk)
Path Group: clk
Path Type: max
Corner: Slowest

Fanout     Cap    Slew   Delay    Time   Description
-----------------------------------------------------------------------------
                          0.00    0.00   clock clk (rise edge)
                          0.00    0.00   clock source latency
                  0.36    0.27    0.27 ^ clk (in)
     1    0.05                           clk (net)
                  0.36    0.00    0.27 ^ clkbuf_0_clk/A (sky130_fd_sc_hd__clkbuf_16)
                  0.29    0.54    0.81 ^ clkbuf_0_clk/X (sky130_fd_sc_hd__clkbuf_16)
     8    0.18                           clknet_0_clk (net)
                  0.29    0.01    0.82 ^ clkbuf_3_4__f_clk/A (sky130_fd_sc_hd__clkbuf_16)
                  0.22    0.46    1.28 ^ clkbuf_3_4__f_clk/X (sky130_fd_sc_hd__clkbuf_16)
    11    0.13                           clknet_3_4__leaf_clk (net)
                  0.22    0.00    1.29 ^ clkbuf_leaf_50_clk/A (sky130_fd_sc_hd__clkbuf_16)
                  0.06    0.30    1.58 ^ clkbuf_leaf_50_clk/X (sky130_fd_sc_hd__clkbuf_16)
     5    0.02                           clknet_leaf_50_clk (net)
                  0.06    0.00    1.58 ^ _8804_/CLK (sky130_fd_sc_hd__dfrtp_1)
                  0.13    0.83    2.42 v _8804_/Q (sky130_fd_sc_hd__dfrtp_1)
     2    0.01                           sh7[0] (net)
                  0.13    0.00    2.42 v hold403/A (sky130_fd_sc_hd__dlygate4sd3_1)
                  0.12    1.23    3.64 v hold403/X (sky130_fd_sc_hd__dlygate4sd3_1)
     1    0.00                           net445 (net)
                  0.12    0.00    3.64 v fanout36/A (sky130_fd_sc_hd__clkbuf_4)
                  0.16    0.38    4.02 v fanout36/X (sky130_fd_sc_hd__clkbuf_4)
    10    0.04                           net36 (net)
                  0.16    0.00    4.02 v _5540_/B (sky130_fd_sc_hd__and2_1)
                  0.14    0.46    4.48 v _5540_/X (sky130_fd_sc_hd__and2_1)
     4    0.01                           _2559_ (net)
                  0.14    0.00    4.48 v _5543_/A2 (sky130_fd_sc_hd__o21bai_1)
                  0.28    0.33    4.82 ^ _5543_/Y (sky130_fd_sc_hd__o21bai_1)
     2    0.01                           _2562_ (net)
                  0.28    0.00    4.82 ^ _5544_/B1 (sky130_fd_sc_hd__o21a_1)
                  0.29    0.49    5.31 ^ _5544_/X (sky130_fd_sc_hd__o21a_1)
     3    0.02                           _2563_ (net)
                  0.29    0.00    5.31 ^ _5551_/A (sky130_fd_sc_hd__nand2_1)
                  0.26    0.34    5.65 v _5551_/Y (sky130_fd_sc_hd__nand2_1)
     3    0.01                           _2570_ (net)
                  0.26    0.00    5.65 v _5562_/A2 (sky130_fd_sc_hd__o221a_2)
                  0.20    0.76    6.41 v _5562_/X (sky130_fd_sc_hd__o221a_2)
     4    0.03                           _2581_ (net)
                  0.20    0.00    6.41 v _5628_/B1 (sky130_fd_sc_hd__a21oi_1)
                  0.37    0.41    6.83 ^ _5628_/Y (sky130_fd_sc_hd__a21oi_1)
     1    0.01                           _2646_ (net)
                  0.37    0.00    6.83 ^ _5630_/B (sky130_fd_sc_hd__nand3_4)
                  0.20    0.33    7.15 v _5630_/Y (sky130_fd_sc_hd__nand3_4)
     5    0.02                           _2648_ (net)
                  0.20    0.00    7.15 v _5632_/B (sky130_fd_sc_hd__and3_1)
                  0.16    0.52    7.68 v _5632_/X (sky130_fd_sc_hd__and3_1)
     3    0.01                           _2650_ (net)
                  0.16    0.00    7.68 v _5635_/A2 (sky130_fd_sc_hd__o21ai_2)
                  0.31    0.36    8.04 ^ _5635_/Y (sky130_fd_sc_hd__o21ai_2)
     3    0.01                           _2653_ (net)
                  0.31    0.00    8.04 ^ _5642_/A1 (sky130_fd_sc_hd__a21o_1)
                  0.20    0.42    8.46 ^ _5642_/X (sky130_fd_sc_hd__a21o_1)
     2    0.01                           _2660_ (net)
                  0.20    0.00    8.46 ^ _5646_/A (sky130_fd_sc_hd__nand3_4)
                  0.24    0.28    8.74 v _5646_/Y (sky130_fd_sc_hd__nand3_4)
     5    0.03                           _2664_ (net)
                  0.24    0.00    8.75 v _5756_/A1 (sky130_fd_sc_hd__o211ai_4)
                  0.30    0.45    9.19 ^ _5756_/Y (sky130_fd_sc_hd__o211ai_4)
     4    0.01                           _2771_ (net)
                  0.30    0.00    9.19 ^ _5852_/A2 (sky130_fd_sc_hd__a21boi_1)
                  0.10    0.22    9.41 v _5852_/Y (sky130_fd_sc_hd__a21boi_1)
     1    0.00                           _2864_ (net)
                  0.10    0.00    9.41 v _5854_/A2 (sky130_fd_sc_hd__o21bai_1)
                  0.69    0.63   10.04 ^ _5854_/Y (sky130_fd_sc_hd__o21bai_1)
     1    0.02                           _0180_ (net)
                  0.69    0.00   10.05 ^ _8678_/D (sky130_fd_sc_hd__dfrtp_1)
                                 10.05   data arrival time

                         30.00   30.00   clock clk (rise edge)
                          0.00   30.00   clock source latency
                  0.36    0.24   30.24 ^ clk (in)
     1    0.05                           clk (net)
                  0.36    0.00   30.24 ^ clkbuf_0_clk/A (sky130_fd_sc_hd__clkbuf_16)
                  0.29    0.49   30.73 ^ clkbuf_0_clk/X (sky130_fd_sc_hd__clkbuf_16)
     8    0.18                           clknet_0_clk (net)
                  0.29    0.01   30.74 ^ clkbuf_3_4__f_clk/A (sky130_fd_sc_hd__clkbuf_16)
                  0.22    0.42   31.16 ^ clkbuf_3_4__f_clk/X (sky130_fd_sc_hd__clkbuf_16)
    11    0.13                           clknet_3_4__leaf_clk (net)
                  0.22    0.01   31.17 ^ clkbuf_leaf_51_clk/A (sky130_fd_sc_hd__clkbuf_16)
                  0.07    0.28   31.45 ^ clkbuf_leaf_51_clk/X (sky130_fd_sc_hd__clkbuf_16)
     6    0.02                           clknet_leaf_51_clk (net)
                  0.07    0.00   31.45 ^ _8678_/CLK (sky130_fd_sc_hd__dfrtp_1)
                         -0.25   31.20   clock uncertainty
                          0.12   31.32   clock reconvergence pessimism
                         -0.29   31.03   library setup time
                                 31.03   data required time
-----------------------------------------------------------------------------
                                 31.03   data required time
                                -10.05   data arrival time
-----------------------------------------------------------------------------
                                 20.99   slack (MET)



======================= Typical Corner ===================================

Startpoint: rst (input port clocked by clk)
Endpoint: _8751_ (recovery check against rising-edge clock clk)
Path Group: asynchronous
Path Type: max
Corner: Typical

Fanout     Cap    Slew   Delay    Time   Description
-----------------------------------------------------------------------------
                          0.00    0.00   clock clk (rise edge)
                          0.00    0.00   clock network delay (propagated)
                          6.00    6.00 v input external delay
                  0.02    0.01    6.01 v rst (in)
     1    0.01                           rst (net)
                  0.02    0.00    6.01 v input1/A (sky130_fd_sc_hd__buf_1)
                  0.14    0.17    6.18 v input1/X (sky130_fd_sc_hd__buf_1)
     1    0.02                           net1 (net)
                  0.14    0.00    6.18 v _7152_/A (sky130_fd_sc_hd__clkbuf_4)
                  0.09    0.24    6.42 v _7152_/X (sky130_fd_sc_hd__clkbuf_4)
     6    0.04                           _4121_ (net)
                  0.09    0.00    6.42 v _7398_/A (sky130_fd_sc_hd__clkbuf_8)
                  0.11    0.24    6.66 v _7398_/X (sky130_fd_sc_hd__clkbuf_8)
    10    0.10                           _4147_ (net)
                  0.11    0.01    6.67 v _7498_/A (sky130_fd_sc_hd__clkbuf_16)
                  0.12    0.25    6.92 v _7498_/X (sky130_fd_sc_hd__clkbuf_16)
    10    0.16                           _4157_ (net)
                  0.13    0.03    6.95 v _7502_/A (sky130_fd_sc_hd__inv_2)
                  0.04    0.08    7.03 ^ _7502_/Y (sky130_fd_sc_hd__inv_2)
     1    0.00                           _0502_ (net)
                  0.04    0.00    7.03 ^ _8751_/RESET_B (sky130_fd_sc_hd__dfrtp_1)
                                  7.03   data arrival time

                         30.00   30.00   clock clk (rise edge)
                          0.00   30.00   clock source latency
                  0.23    0.15   30.15 ^ clk (in)
     1    0.05                           clk (net)
                  0.23    0.00   30.15 ^ clkbuf_0_clk/A (sky130_fd_sc_hd__clkbuf_16)
                  0.19    0.28   30.43 ^ clkbuf_0_clk/X (sky130_fd_sc_hd__clkbuf_16)
     8    0.18                           clknet_0_clk (net)
                  0.19    0.01   30.44 ^ clkbuf_3_0__f_clk/A (sky130_fd_sc_hd__clkbuf_16)
                  0.12    0.22   30.66 ^ clkbuf_3_0__f_clk/X (sky130_fd_sc_hd__clkbuf_16)
     7    0.10                           clknet_3_0__leaf_clk (net)
                  0.12    0.01   30.68 ^ _8751_/CLK (sky130_fd_sc_hd__dfrtp_1)
                         -0.25   30.43   clock uncertainty
                          0.00   30.43   clock reconvergence pessimism
                          0.26   30.68   library recovery time
                                 30.68   data required time
-----------------------------------------------------------------------------
                                 30.68   data required time
                                 -7.03   data arrival time
-----------------------------------------------------------------------------
                                 23.66   slack (MET)


Startpoint: _8485_ (rising edge-triggered flip-flop clocked by clk)
Endpoint: led[7] (output port clocked by clk)
Path Group: clk
Path Type: max
Corner: Typical

Fanout     Cap    Slew   Delay    Time   Description
-----------------------------------------------------------------------------
                          0.00    0.00   clock clk (rise edge)
                          0.00    0.00   clock source latency
                  0.23    0.17    0.17 ^ clk (in)
     1    0.05                           clk (net)
                  0.23    0.00    0.17 ^ clkbuf_0_clk/A (sky130_fd_sc_hd__clkbuf_16)
                  0.19    0.31    0.48 ^ clkbuf_0_clk/X (sky130_fd_sc_hd__clkbuf_16)
     8    0.18                           clknet_0_clk (net)
                  0.19    0.01    0.49 ^ clkbuf_3_5__f_clk/A (sky130_fd_sc_hd__clkbuf_16)
                  0.14    0.26    0.75 ^ clkbuf_3_5__f_clk/X (sky130_fd_sc_hd__clkbuf_16)
    10    0.13                           clknet_3_5__leaf_clk (net)
                  0.14    0.01    0.76 ^ clkbuf_leaf_40_clk/A (sky130_fd_sc_hd__clkbuf_16)
                  0.06    0.18    0.94 ^ clkbuf_leaf_40_clk/X (sky130_fd_sc_hd__clkbuf_16)
    12    0.04                           clknet_leaf_40_clk (net)
                  0.06    0.00    0.94 ^ _8485_/CLK (sky130_fd_sc_hd__dfrtp_1)
                  0.04    0.37    1.31 v _8485_/Q (sky130_fd_sc_hd__dfrtp_1)
     1    0.00                           net23 (net)
                  0.04    0.00    1.31 v output23/A (sky130_fd_sc_hd__clkbuf_4)
                  0.09    0.19    1.50 v output23/X (sky130_fd_sc_hd__clkbuf_4)
     1    0.04                           led[7] (net)
                  0.09    0.00    1.51 v led[7] (out)
                                  1.51   data arrival time

                         30.00   30.00   clock clk (rise edge)
                          0.00   30.00   clock network delay (propagated)
                         -0.25   29.75   clock uncertainty
                          0.00   29.75   clock reconvergence pessimism
                         -6.00   23.75   output external delay
                                 23.75   data required time
-----------------------------------------------------------------------------
                                 23.75   data required time
                                 -1.51   data arrival time
-----------------------------------------------------------------------------
                                 22.24   slack (MET)




===========================================================================
report_checks --slack_max -0.01
============================================================================
======================= Fastest Corner ===================================

No paths found.

======================= Slowest Corner ===================================

No paths found.

======================= Typical Corner ===================================

No paths found.


===========================================================================
 report_check_types -max_slew -max_cap -max_fanout -violators
============================================================================
======================= Fastest Corner ===================================

max fanout

Pin                                   Limit Fanout  Slack
---------------------------------------------------------
clkbuf_leaf_15_clk/X                     10     13     -3 (VIOLATED)
clkbuf_leaf_32_clk/X                     10     13     -3 (VIOLATED)
clkbuf_leaf_39_clk/X                     10     13     -3 (VIOLATED)
clkbuf_leaf_56_clk/X                     10     13     -3 (VIOLATED)
clkbuf_leaf_40_clk/X                     10     12     -2 (VIOLATED)
clkbuf_leaf_57_clk/X                     10     12     -2 (VIOLATED)
clkbuf_3_4__f_clk/X                      10     11        (VIOLATED)
clkbuf_leaf_16_clk/X                     10     11        (VIOLATED)
clkbuf_leaf_31_clk/X                     10     11        (VIOLATED)
clkbuf_leaf_53_clk/X                     10     11        (VIOLATED)


======================= Slowest Corner ===================================

max fanout

Pin                                   Limit Fanout  Slack
---------------------------------------------------------
clkbuf_leaf_15_clk/X                     10     13     -3 (VIOLATED)
clkbuf_leaf_32_clk/X                     10     13     -3 (VIOLATED)
clkbuf_leaf_39_clk/X                     10     13     -3 (VIOLATED)
clkbuf_leaf_56_clk/X                     10     13     -3 (VIOLATED)
clkbuf_leaf_40_clk/X                     10     12     -2 (VIOLATED)
clkbuf_leaf_57_clk/X                     10     12     -2 (VIOLATED)
clkbuf_3_4__f_clk/X                      10     11        (VIOLATED)
clkbuf_leaf_16_clk/X                     10     11        (VIOLATED)
clkbuf_leaf_31_clk/X                     10     11        (VIOLATED)
clkbuf_leaf_53_clk/X                     10     11        (VIOLATED)


======================= Typical Corner ===================================

max fanout

Pin                                   Limit Fanout  Slack
---------------------------------------------------------
clkbuf_leaf_15_clk/X                     10     13     -3 (VIOLATED)
clkbuf_leaf_32_clk/X                     10     13     -3 (VIOLATED)
clkbuf_leaf_39_clk/X                     10     13     -3 (VIOLATED)
clkbuf_leaf_56_clk/X                     10     13     -3 (VIOLATED)
clkbuf_leaf_40_clk/X                     10     12     -2 (VIOLATED)
clkbuf_leaf_57_clk/X                     10     12     -2 (VIOLATED)
clkbuf_3_4__f_clk/X                      10     11        (VIOLATED)
clkbuf_leaf_16_clk/X                     10     11        (VIOLATED)
clkbuf_leaf_31_clk/X                     10     11        (VIOLATED)
clkbuf_leaf_53_clk/X                     10     11        (VIOLATED)



===========================================================================
report_parasitic_annotation -report_unannotated
============================================================================
Found 0 unannotated drivers.
Found 0 partially unannotated drivers.

===========================================================================
max slew violation count 0
max fanout violation count 10
max cap violation count 0
============================================================================

===========================================================================
check_setup -verbose -unconstrained_endpoints -multiple_clock -no_clock -no_input_delay -loops -generated_clocks
===========================================================================
